==> Installing environment /
[+] /spack/opt/spack/[padded-to-256-chars]/linux-ubuntu20.04-x86_64/nvhpc-22.11/pkgconf-1.8.0-sucikwly5i2rmjhldy4d3tyowtagez5g
[+] /spack/opt/spack/[padded-to-256-chars]/linux-ubuntu20.04-x86_64/nvhpc-22.11/ca-certificates-mozilla-2022-10-11-fn2so2ayxixzq2mjvguo3kqnh7npuilb
[+] /spack/opt/spack/[padded-to-256-chars]/linux-ubuntu20.04-x86_64/nvhpc-22.11/berkeley-db-18.1.40-cmg6vgl72bcb4txwaysuwikw7j7hbcv4
[+] /spack/opt/spack/[padded-to-256-chars]/linux-ubuntu20.04-x86_64/nvhpc-22.11/libiconv-1.16-q7hfn57bjhs3zw53jpqruuz4hptjmt2h
[+] /spack/opt/spack/[padded-to-256-chars]/linux-ubuntu20.04-x86_64/nvhpc-22.11/zlib-1.2.13-3eurdp2zhmkoab4vxmujw5rybqekfyzp
[+] /spack/opt/spack/[padded-to-256-chars]/linux-ubuntu20.04-x86_64/nvhpc-22.11/libmd-1.0.4-jfemu5otaqbbztkniwprkw3lytwsdgjf
[+] /spack/opt/spack/[padded-to-256-chars]/linux-ubuntu20.04-x86_64/gcc-11.1.0/xz-5.2.7-g2fdtei2ij3bnv2nlg7n56dopn6ms4sf
[+] /spack/opt/spack/[padded-to-256-chars]/linux-ubuntu20.04-x86_64/gcc-11.1.0/libffi-3.4.2-sgzskrfovhh3macgd4yvpobmp3swdfnm
[+] /spack/opt/spack/[padded-to-256-chars]/linux-ubuntu20.04-x86_64/gcc-11.1.0/libxcrypt-4.4.33-zywksgfofjyp5wuaq6rwbamkjmsxshaa
[+] /spack/opt/spack/[padded-to-256-chars]/linux-ubuntu20.04-x86_64/nvhpc-22.11/libsigsegv-2.13-3etrspegccv4inru5flnjjx47dattojo
[+] /spack/opt/spack/[padded-to-256-chars]/linux-ubuntu20.04-x86_64/nvhpc-22.11/util-macros-1.19.3-x5yxndhgo6f6x2a5cygloch3fm225zuq
[+] /spack/opt/spack/[padded-to-256-chars]/linux-ubuntu20.04-x86_64/nvhpc-22.11/zstd-1.5.2-dksiqmulomqi6f5bueos6ih6fdr63ety
==> Installing re2c-2.2-xnznjbxdxwwt6on2cgou2dfpwbq5onzx
==> re2c exists in binary cache but with different hash
==> No binary for re2c-2.2-xnznjbxdxwwt6on2cgou2dfpwbq5onzx found: installing from source
==> Warning: download_tarball() was unable to download re2c@2.2%nvhpc@22.11 build_system=generic arch=linux-ubuntu20.04-x86_64 from any configured mirrors
==> Using cached archive: /spack/var/spack/cache/_source-cache/archive/0f/0fc45e4130a8a555d68e230d1795de0216dfe99096b61b28e67c86dfd7d86bda.tar.xz
==> No patches needed for re2c
==> re2c: Executing phase: 'configure'
==> re2c: Executing phase: 'build'
==> Error: ProcessError: Command exited with status 2:
    'make' '-j32'

23 errors found in build log:
     210      CXX      src/cfg/re2go-rename.o
     211      CXX      src/cfg/re2go-varalloc.o
     212      CXX      src/dfa/re2go-closure.o
     213      CXX      src/dfa/re2go-determinization.o
     214      CXX      src/dfa/re2go-dead_rules.o
     215      CXX      src/dfa/re2go-fallback_tags.o
  >> 216    "src/dfa/determinization.cc", line 85: error: no instance of function template "re2c::clear_caches" matches the argument list
     217                argument types are: (re2c::pdetctx_t)
     218              clear_caches(ctx);
     219              ^
     220              detected during instantiation of "void re2c::determinization(ctx_t &) [with ctx_t=re2c::pdetctx_t]" at line 50
     221    
  >> 222    "src/dfa/determinization.cc", line 94: error: no instance of function template "re2c::warn_nondeterministic_tags" matches the argument list
     223                argument types are: (re2c::pdetctx_t)
     224          warn_nondeterministic_tags(ctx);
     225          ^
     226              detected during instantiation of "void re2c::determinization(ctx_t &) [with ctx_t=re2c::pdetctx_t]" at line 50
     227    
  >> 228    "src/dfa/determinization.cc", line 85: error: no instance of function template "re2c::clear_caches" matches the argument list
     229                argument types are: (re2c::ldetctx_t)
     230              clear_caches(ctx);
     231              ^
     232              detected during instantiation of "void re2c::determinization(ctx_t &) [with ctx_t=re2c::ldetctx_t]" at line 54
     233    
  >> 234    "src/dfa/determinization.cc", line 94: error: no instance of function template "re2c::warn_nondeterministic_tags" matches the argument list
     235                argument types are: (re2c::ldetctx_t)
     236          warn_nondeterministic_tags(ctx);
     237          ^
     238              detected during instantiation of "void re2c::determinization(ctx_t &) [with ctx_t=re2c::ldetctx_t]" at line 54
     239    
     240      CXX      src/dfa/re2go-fillpoints.o
  >> 241    "./src/dfa/closure_posix.h", line 83: error: no instance of function template "re2c::init_gor1" matches the argument list
     242                argument types are: (re2c::pdetctx_t)
     243          init_gor1(ctx);
     244          ^
     245              detected during instantiation of "void re2c::closure_posix_gor1(ctx_t &) [with ctx_t=re2c::pdetctx_t]" at line 38
     246    
     247    4 errors detected in the compilation of "src/dfa/determinization.cc".
  >> 248    make[2]: *** [Makefile:3847: src/dfa/re2go-determinization.o] Error 2
     249    make[2]: *** Waiting for unfinished jobs....
  >> 250    "./src/dfa/closure_posix.h", line 96: error: no instance of function template "re2c::scan" matches the argument list
     251                argument types are: (re2c::pdetctx_t, re2c::nfa_state_t *, bool)
     252                      if (!scan(ctx, q, false)) {
     253                           ^
     254              detected during instantiation of "void re2c::closure_posix_gor1(ctx_t &) [with ctx_t=re2c::pdetctx_t]" at line 38
     255    
  >> 256    "./src/dfa/closure_posix.h", line 112: error: no instance of function template "re2c::scan" matches the argument list
     257                argument types are: (re2c::pdetctx_t, re2c::nfa_state_t *, bool)
     258                      scan(ctx, q, true);
     259                      ^
     260              detected during instantiation of "void re2c::closure_posix_gor1(ctx_t &) [with ctx_t=re2c::pdetctx_t]" at line 38
     261    
  >> 262    "./src/dfa/closure_posix.h", line 241: error: no instance of function template "re2c::relax_gtop" matches the argument list
     263                argument types are: (re2c::pdetctx_t, const re2c::clos_t)
     264              relax_gtop(ctx, *c);
     265              ^
     266              detected during instantiation of "void re2c::closure_posix_gtop(ctx_t &) [with ctx_t=re2c::pdetctx_t]" at line 39
     267    
  >> 268    "./src/dfa/closure_posix.h", line 255: error: no instance of function template "re2c::relax_gtop" matches the argument list
     269                argument types are: (re2c::pdetctx_t, conf_t)
     270                      relax_gtop(ctx, conf_t(x, q->alt.out1));
     271                      ^
     272              detected during instantiation of "void re2c::closure_posix_gtop(ctx_t &) [with ctx_t=re2c::pdetctx_t]" at line 39
     273    
  >> 274    "./src/dfa/closure_posix.h", line 256: error: no instance of function template "re2c::relax_gtop" matches the argument list
     275                argument types are: (re2c::pdetctx_t, conf_t)
     276                      relax_gtop(ctx, conf_t(x, q->alt.out2));
     277                      ^
     278              detected during instantiation of "void re2c::closure_posix_gtop(ctx_t &) [with ctx_t=re2c::pdetctx_t]" at line 39
     279    
  >> 280    "./src/dfa/closure_posix.h", line 259: error: no instance of function template "re2c::relax_gtop" matches the argument list
     281                argument types are: (re2c::pdetctx_t, conf_t)
     282                      relax_gtop(ctx, conf_t(x, q->tag.out, ctx.history.link(ctx, x)));
     283                      ^
     284              detected during instantiation of "void re2c::closure_posix_gtop(ctx_t &) [with ctx_t=re2c::pdetctx_t]" at line 39
     285    
  >> 286    "src/dfa/closure.cc", line 99: error: function "re2c::lower_lookahead_to_transition" cannot be called with the given argument list
     287                argument types are: (std::vector<re2c::clos_t, std::allocator<re2c::clos_t>>)
     288              lower_lookahead_to_transition(ctx.state);
     289              ^
     290              detected during instantiation of "void re2c::tagged_epsilon_closure(ctx_t &) [with ctx_t=re2c::pdetctx_t]" at line 88
     291    
  >> 292    "src/dfa/closure.cc", line 103: error: no instance of function template "re2c::generate_versions" matches the argument list
     293                argument types are: (re2c::pdetctx_t)
     294              generate_versions(ctx);
     295              ^
     296              detected during instantiation of "void re2c::tagged_epsilon_closure(ctx_t &) [with ctx_t=re2c::pdetctx_t]" at line 88
     297    
  >> 298    "src/dfa/closure.cc", line 106: error: no instance of function template "re2c::generate_stadfa_actions" matches the argument list
     299                argument types are: (re2c::pdetctx_t)
     300              generate_stadfa_actions(ctx);
     301              ^
     302              detected during instantiation of "void re2c::tagged_epsilon_closure(ctx_t &) [with ctx_t=re2c::pdetctx_t]" at line 88
     303    
  >> 304    "src/dfa/closure.cc", line 99: error: function "re2c::lower_lookahead_to_transition" cannot be called with the given argument list
     305                argument types are: (std::vector<re2c::clos_t, std::allocator<re2c::clos_t>>)
     306              lower_lookahead_to_transition(ctx.state);
     307              ^
     308              detected during instantiation of "void re2c::tagged_epsilon_closure(ctx_t &) [with ctx_t=re2c::ldetctx_t]" at line 89
     309    
  >> 310    "src/dfa/closure.cc", line 103: error: no instance of function template "re2c::generate_versions" matches the argument list
     311                argument types are: (re2c::ldetctx_t)
     312              generate_versions(ctx);
     313              ^
     314              detected during instantiation of "void re2c::tagged_epsilon_closure(ctx_t &) [with ctx_t=re2c::ldetctx_t]" at line 89
     315    
  >> 316    "src/dfa/closure.cc", line 106: error: no instance of function template "re2c::generate_stadfa_actions" matches the argument list
     317                argument types are: (re2c::ldetctx_t)
     318              generate_stadfa_actions(ctx);
     319              ^
     320              detected during instantiation of "void re2c::tagged_epsilon_closure(ctx_t &) [with ctx_t=re2c::ldetctx_t]" at line 89
     321    
  >> 322    "./src/dfa/posix_precedence.h", line 126: error: no instance of function template "re2c::compute_prectable_complex" matches the argument list
     323                argument types are: (re2c::pdetctx_t)
     324          case POSIX_PRECTABLE_COMPLEX: compute_prectable_complex(ctx); break;
     325                                        ^
     326              detected during instantiation of "void re2c::compute_prectable(ctx_t &) [with ctx_t=re2c::pdetctx_t]" at line 115 of "src/dfa/closure.cc"
     327    
  >> 328    "./src/dfa/posix_precedence.h", line 127: error: no instance of function template "re2c::compute_prectable_naive" matches the argument list
     329                argument types are: (re2c::pdetctx_t)
     330          case POSIX_PRECTABLE_NAIVE:   compute_prectable_naive(ctx);   break;
     331                                        ^
     332              detected during instantiation of "void re2c::compute_prectable(ctx_t &) [with ctx_t=re2c::pdetctx_t]" at line 115 of "src/dfa/closure.cc"
     333    
     334    "src/dfa/closure.cc", line 179: warning: function "re2c::lower_lookahead_to_transition" was declared but never referenced [declared_but_not_referenced]
     335      void lower_lookahead_to_transition(closure_t &closure)
     336           ^
     337    
     338    Remark: individual warnings can be suppressed with "--diag_suppress <warning-name>"
     339    
     340    15 errors detected in the compilation of "src/dfa/closure.cc".
  >> 341    make[2]: *** [Makefile:3819: src/dfa/re2go-closure.o] Error 2
     342    make[2]: Leaving directory '/tmp/root/spack-stage/spack-stage-re2c-2.2-xnznjbxdxwwt6on2cgou2dfpwbq5onzx/spack-src'
  >> 343    make[1]: *** [Makefile:4581: all-recursive] Error 1
     344    make[1]: Leaving directory '/tmp/root/spack-stage/spack-stage-re2c-2.2-xnznjbxdxwwt6on2cgou2dfpwbq5onzx/spack-src'
  >> 345    make: *** [Makefile:1751: all] Error 2

See build log for details:
  /tmp/root/spack-stage/spack-stage-re2c-2.2-xnznjbxdxwwt6on2cgou2dfpwbq5onzx/spack-build-out.txt

[+] /spack/opt/spack/[padded-to-256-chars]/linux-ubuntu20.04-x86_64/nvhpc-22.11/ncurses-6.3-vpcvkaux34kn2lohxvkazxn4v3znezmp
[+] /spack/opt/spack/[padded-to-256-chars]/linux-ubuntu20.04-x86_64/nvhpc-22.11/util-linux-uuid-2.38.1-3cv33m4gyq44uukyz7jwlptkj2fgu4bd
[+] /spack/opt/spack/[padded-to-256-chars]/linux-ubuntu20.04-x86_64/nvhpc-22.11/diffutils-3.7-vaeyduyor3tnmhsftpp47e6r6o2ko5sb
[+] /spack/opt/spack/[padded-to-256-chars]/linux-ubuntu20.04-x86_64/nvhpc-22.11/pigz-2.7-wltysiqlsehhkuuqtqsd3cfsclwpvhes
[+] /spack/opt/spack/[padded-to-256-chars]/linux-ubuntu20.04-x86_64/nvhpc-22.11/libbsd-0.11.3-6ex5j6p4gr4bl3bhrcddf2arhusdasuh
[+] /spack/opt/spack/[padded-to-256-chars]/linux-ubuntu20.04-x86_64/nvhpc-22.11/libxml2-2.10.3-s6pnymp7b3msisbhe4ff5j2ewy753n5c
[+] /spack/opt/spack/[padded-to-256-chars]/linux-ubuntu20.04-x86_64/gcc-11.1.0/readline-8.2-hdcq3sfnfi2zbbad6miehz4mebza2opt
[+] /spack/opt/spack/[padded-to-256-chars]/linux-ubuntu20.04-x86_64/nvhpc-22.11/libedit-3.1-20210216-m6d5nmknqymz2jzpaodkzkci2p6k2s5q
[+] /spack/opt/spack/[padded-to-256-chars]/linux-ubuntu20.04-x86_64/nvhpc-22.11/bzip2-1.0.8-okoe73lz34lyzebijmtbty5btyrybmed
[+] /spack/opt/spack/[padded-to-256-chars]/linux-ubuntu20.04-x86_64/nvhpc-22.11/m4-1.4.19-sylqsk2xbpkawpmwjqyqw7vi4mwhwd53
[+] /spack/opt/spack/[padded-to-256-chars]/linux-ubuntu20.04-x86_64/nvhpc-22.11/expat-2.5.0-slyjaoz7dam7icehhgqlh62jyvv44sm5
[+] /spack/opt/spack/[padded-to-256-chars]/linux-ubuntu20.04-x86_64/nvhpc-22.11/sqlite-3.40.0-muyoiolzuerspfspy7zl2245ewu52ilt
[+] /spack/opt/spack/[padded-to-256-chars]/linux-ubuntu20.04-x86_64/nvhpc-22.11/gdbm-1.23-mzr7wy5qmdfly6thhaaqpxq7s6rhuaqf
[+] /spack/opt/spack/[padded-to-256-chars]/linux-ubuntu20.04-x86_64/nvhpc-22.11/tar-1.30-vqzbeuwbkimr42kvprigxphtr7rgqxww
[+] /spack/opt/spack/[padded-to-256-chars]/linux-ubuntu20.04-x86_64/nvhpc-22.11/libtool-2.4.7-lk7iieq2cqv2gncv3gjuccpcwcgzrzra
[+] /spack/opt/spack/[padded-to-256-chars]/linux-ubuntu20.04-x86_64/nvhpc-22.11/perl-5.36.0-ygvh7b2nsfnliutjygfrjlveliglnc73
[+] /spack/opt/spack/[padded-to-256-chars]/linux-ubuntu20.04-x86_64/nvhpc-22.11/gettext-0.21.1-6wkkjdeemsstebh7aikvag6rkdanqjik
[+] /spack/opt/spack/[padded-to-256-chars]/linux-ubuntu20.04-x86_64/nvhpc-22.11/libpciaccess-0.16-pm4rcuqtqh2rl45ih7pibf3hlgvbxvsw
[+] /spack/opt/spack/[padded-to-256-chars]/linux-ubuntu20.04-x86_64/nvhpc-22.11/bison-3.8.2-3rqczrfyglpb632uql5i2cbguzxra7zr
[+] /spack/opt/spack/[padded-to-256-chars]/linux-ubuntu20.04-x86_64/nvhpc-22.11/openssl-1.1.1s-urs6pu7ne2zzc6clmjnngssk32s2olzb
[+] /spack/opt/spack/[padded-to-256-chars]/linux-ubuntu20.04-x86_64/nvhpc-22.11/autoconf-2.69-vfxclvk2ypvxjkzw3evr3nylnyknfuti
[+] /spack/opt/spack/[padded-to-256-chars]/linux-ubuntu20.04-x86_64/nvhpc-22.11/openblas-0.3.21-3oapbupikuisb2vqchalqmyic3qg4eig
[+] /spack/opt/spack/[padded-to-256-chars]/linux-ubuntu20.04-x86_64/nvhpc-22.11/hwloc-2.8.0-miotk5gwi5bcuvpq3kijqp2zftrbjsom
[+] /spack/opt/spack/[padded-to-256-chars]/linux-ubuntu20.04-x86_64/gcc-11.1.0/python-3.10.8-ngptfwb7kxxp6gdobz5rsw7dqywjxkv3
[+] /spack/opt/spack/[padded-to-256-chars]/linux-ubuntu20.04-x86_64/nvhpc-22.11/libevent-2.1.12-svbtj6wfjmpknm4o4rf3yy2mjhlodwyz
[+] /spack/opt/spack/[padded-to-256-chars]/linux-ubuntu20.04-x86_64/nvhpc-22.11/krb5-1.20.1-xhg7qxj23jz67ysbatbpyl4pjfoavbmm
[+] /spack/opt/spack/[padded-to-256-chars]/linux-ubuntu20.04-x86_64/gcc-11.1.0/cmake-3.25.1-vghw527fwqerrspvi7gahv4uk6kir3em
[+] /spack/opt/spack/[padded-to-256-chars]/linux-ubuntu20.04-x86_64/nvhpc-22.11/automake-1.16.5-m5ulpgfl6lmfx7qqvd5bgxm2ljzoatx3
[+] /spack/opt/spack/[padded-to-256-chars]/linux-ubuntu20.04-x86_64/nvhpc-22.11/py-pip-22.2.2-65vsqoppf6cobzhdllmjauryp56qodac
[+] /spack/opt/spack/[padded-to-256-chars]/linux-ubuntu20.04-x86_64/nvhpc-22.11/boost-1.80.0-3tgey2dfczfojmxrqrywqtubuggnwpt2
[+] /spack/opt/spack/[padded-to-256-chars]/linux-ubuntu20.04-x86_64/nvhpc-22.11/pmix-4.1.2-qxpx5hqybqxy7dnxb2omb22rdqhmyhfg
[+] /spack/opt/spack/[padded-to-256-chars]/linux-ubuntu20.04-x86_64/nvhpc-22.11/openssh-9.1p1-hxx3b4qu7aws3lmz2i3oyhv4wrzpoae5
==> Installing crtm-2.3.0-volvgvg2vnxgmwi3ggt6zi4536wz2p25
==> crtm exists in binary cache but with different hash
==> No binary for crtm-2.3.0-volvgvg2vnxgmwi3ggt6zi4536wz2p25 found: installing from source
==> Warning: Skipping build of ninja-1.11.1-e46i3e5v7fumejum7hzozlqz5ncuitve since re2c-2.2-xnznjbxdxwwt6on2cgou2dfpwbq5onzx failed
==> Warning: Skipping build of geos-3.11.1-5w5xrrkljrvo75qqzq4zl34rm26idgec since ninja-1.11.1-e46i3e5v7fumejum7hzozlqz5ncuitve failed
==> Warning: Skipping build of py-shapely-1.8.0-ceqw4brgp4zqg5bvtw24igcjthsxuxaz since geos-3.11.1-5w5xrrkljrvo75qqzq4zl34rm26idgec failed
==> Warning: Skipping build of py-pybind11-2.8.1-mimacwres62u4vyqa2pptdoi2pr2zkrb since ninja-1.11.1-e46i3e5v7fumejum7hzozlqz5ncuitve failed
==> Warning: Skipping build of py-scipy-1.8.0-durkjqadz7vckgs2x6bf2mhlwiapkmnt since py-pybind11-2.8.1-mimacwres62u4vyqa2pptdoi2pr2zkrb failed
==> Warning: download_tarball() was unable to download crtm@2.3.0%nvhpc@22.11~ipo build_system=cmake build_type=RelWithDebInfo arch=linux-ubuntu20.04-x86_64 ^berkeley-db@18.1.40%nvhpc@22.11+cxx~docs+stl build_system=autotools patches=26090f4,b231fcc arch=linux-ubuntu20.04-x86_64 ^bzip2@1.0.8%nvhpc@22.11~debug~pic+shared build_system=generic arch=linux-ubuntu20.04-x86_64 ^ca-certificates-mozilla@2022-10-11%nvhpc@22.11 build_system=generic arch=linux-ubuntu20.04-x86_64 ^cmake@3.25.1%gcc@11.1.0~doc+ncurses+ownlibs~qt build_system=generic build_type=Release arch=linux-ubuntu20.04-x86_64 ^diffutils@3.7%nvhpc@22.11 build_system=autotools patches=6e42dc2 arch=linux-ubuntu20.04-x86_64 ^gdbm@1.23%nvhpc@22.11 build_system=autotools arch=linux-ubuntu20.04-x86_64 ^libiconv@1.16%nvhpc@22.11 build_system=autotools libs=shared,static arch=linux-ubuntu20.04-x86_64 ^ncurses@6.3%nvhpc@22.11~symlinks+termlib abi=none build_system=autotools arch=linux-ubuntu20.04-x86_64 ^openssl@1.1.1s%nvhpc@22.11~docs~shared build_system=generic certs=mozilla arch=linux-ubuntu20.04-x86_64 ^perl@5.36.0%nvhpc@22.11+cpanm+shared+threads build_system=generic arch=linux-ubuntu20.04-x86_64 ^pkgconf@1.8.0%nvhpc@22.11 build_system=autotools arch=linux-ubuntu20.04-x86_64 ^readline@8.2%gcc@11.1.0 build_system=autotools patches=bbf97f1 arch=linux-ubuntu20.04-x86_64 ^zlib@1.2.13%nvhpc@22.11+optimize+pic+shared build_system=makefile arch=linux-ubuntu20.04-x86_64 from any configured mirrors
==> Using cached archive: /spack/var/spack/cache/_source-cache/archive/3e/3e2c87ae5498c33dd98f9ede5c39e33ee7f298c7317b12adeb552e3a572700ce.tar.gz
==> No patches needed for crtm
==> crtm: Executing phase: 'cmake'
==> crtm: Executing phase: 'build'
==> Error: ProcessError: Command exited with status 2:
    'make' '-j32'

3 errors found in build log:
     238    NVFORTRAN-W-0155-MODULE PROCEDURE not defined: complexdp_assert_withinsigfig_s (/tmp/root/spack-stage/spack-stage-crtm-2.3.0-volvgvg2vnxgmwi3ggt6zi4536wz2p25/spack-s
            rc/libsrc/UnitTest_Define.f90: 5392)
     239    NVFORTRAN-W-0155-MODULE PROCEDURE not defined: complexdp_assert_withinsigfig_r1 (/tmp/root/spack-stage/spack-stage-crtm-2.3.0-volvgvg2vnxgmwi3ggt6zi4536wz2p25/spack-
            src/libsrc/UnitTest_Define.f90: 5392)
     240    NVFORTRAN-W-0155-MODULE PROCEDURE not defined: complexdp_assert_withinsigfig_r2 (/tmp/root/spack-stage/spack-stage-crtm-2.3.0-volvgvg2vnxgmwi3ggt6zi4536wz2p25/spack-
            src/libsrc/UnitTest_Define.f90: 5392)
     241      0 inform,  57 warnings,   0 severes, 0 fatal for init
     242    NVFORTRAN-F-0004-Unable to open MODULE file iso_fortran_env.mod (/tmp/root/spack-stage/spack-stage-crtm-2.3.0-volvgvg2vnxgmwi3ggt6zi4536wz2p25/spack-src/libsrc/CRTM_
            ChannelInfo_Define.f90: 19)
     243    NVFORTRAN/x86-64 Linux 22.11-0: compilation aborted
  >> 244    make[2]: *** [libsrc/CMakeFiles/crtm.dir/build.make:364: libsrc/CMakeFiles/crtm.dir/CRTM_ChannelInfo_Define.f90.o] Error 2
     245    make[2]: *** Waiting for unfinished jobs....
     246    make[2]: Leaving directory '/tmp/root/spack-stage/spack-stage-crtm-2.3.0-volvgvg2vnxgmwi3ggt6zi4536wz2p25/spack-build-volvgvg'
  >> 247    make[1]: *** [CMakeFiles/Makefile2:101: libsrc/CMakeFiles/crtm.dir/all] Error 2
     248    make[1]: Leaving directory '/tmp/root/spack-stage/spack-stage-crtm-2.3.0-volvgvg2vnxgmwi3ggt6zi4536wz2p25/spack-build-volvgvg'
  >> 249    make: *** [Makefile:139: all] Error 2

See build log for details:
  /tmp/root/spack-stage/spack-stage-crtm-2.3.0-volvgvg2vnxgmwi3ggt6zi4536wz2p25/spack-build-out.txt

[+] /spack/opt/spack/[padded-to-256-chars]/linux-ubuntu20.04-x86_64/nvhpc-22.11/gftl-1.8.1-q4styoimuc2fab76uwjdtpfdr3f6klrl
[+] /spack/opt/spack/[padded-to-256-chars]/linux-ubuntu20.04-x86_64/nvhpc-22.11/numactl-2.0.14-boppvrg5fftgivzerrdw77dxxnpfjw2v
[+] /spack/opt/spack/[padded-to-256-chars]/linux-ubuntu20.04-x86_64/nvhpc-22.11/py-setuptools-63.0.0-hobexd5daxor3prklad2ithtsnxsehoj
[+] /spack/opt/spack/[padded-to-256-chars]/linux-ubuntu20.04-x86_64/nvhpc-22.11/py-setuptools-59.4.0-yxma2fadjo427d2cnwwsu2234xkooqi4
[+] /spack/opt/spack/[padded-to-256-chars]/linux-ubuntu20.04-x86_64/nvhpc-22.11/py-wheel-0.37.1-4hvl7zod7goq2rdtjaqh42k7gukiqoen
==> Installing gftl-shared-1.5.0-fdec3c4x7aomxkjltjspwbl5zbfo2kft
==> gftl-shared exists in binary cache but with different hash
==> No binary for gftl-shared-1.5.0-fdec3c4x7aomxkjltjspwbl5zbfo2kft found: installing from source
==> Warning: download_tarball() was unable to download gftl-shared@1.5.0%nvhpc@22.11~ipo build_system=cmake build_type=Release arch=linux-ubuntu20.04-x86_64 ^berkeley-db@18.1.40%nvhpc@22.11+cxx~docs+stl build_system=autotools patches=26090f4,b231fcc arch=linux-ubuntu20.04-x86_64 ^bzip2@1.0.8%nvhpc@22.11~debug~pic+shared build_system=generic arch=linux-ubuntu20.04-x86_64 ^ca-certificates-mozilla@2022-10-11%nvhpc@22.11 build_system=generic arch=linux-ubuntu20.04-x86_64 ^cmake@3.25.1%gcc@11.1.0~doc+ncurses+ownlibs~qt build_system=generic build_type=Release arch=linux-ubuntu20.04-x86_64 ^diffutils@3.7%nvhpc@22.11 build_system=autotools patches=6e42dc2 arch=linux-ubuntu20.04-x86_64 ^gdbm@1.23%nvhpc@22.11 build_system=autotools arch=linux-ubuntu20.04-x86_64 ^gftl@1.8.1%nvhpc@22.11~ipo build_system=cmake build_type=Release arch=linux-ubuntu20.04-x86_64 ^libiconv@1.16%nvhpc@22.11 build_system=autotools libs=shared,static arch=linux-ubuntu20.04-x86_64 ^libsigsegv@2.13%nvhpc@22.11 build_system=autotools arch=linux-ubuntu20.04-x86_64 ^m4@1.4.19%nvhpc@22.11+sigsegv build_system=autotools patches=6985830,72bb1ad,9dc5fbd,bfdffa7 arch=linux-ubuntu20.04-x86_64 ^ncurses@6.3%nvhpc@22.11~symlinks+termlib abi=none build_system=autotools arch=linux-ubuntu20.04-x86_64 ^openssl@1.1.1s%nvhpc@22.11~docs~shared build_system=generic certs=mozilla arch=linux-ubuntu20.04-x86_64 ^perl@5.36.0%nvhpc@22.11+cpanm+shared+threads build_system=generic arch=linux-ubuntu20.04-x86_64 ^pkgconf@1.8.0%nvhpc@22.11 build_system=autotools arch=linux-ubuntu20.04-x86_64 ^readline@8.2%gcc@11.1.0 build_system=autotools patches=bbf97f1 arch=linux-ubuntu20.04-x86_64 ^zlib@1.2.13%nvhpc@22.11+optimize+pic+shared build_system=makefile arch=linux-ubuntu20.04-x86_64 from any configured mirrors
==> Using cached archive: /spack/var/spack/cache/_source-cache/archive/c1/c19b8197cc6956d4a51a16f98b38b63c7bc9f784f1fd38f8e3949be3ea792356.tar.gz
==> No patches needed for gftl-shared
==> gftl-shared: Executing phase: 'cmake'
==> Error: ProcessError: Command exited with status 1:
    '/spack/opt/spack/__spack_path_placeholder__/__spack_path_placeholder__/__spack_path_placeholder__/__spack_path_placeholder__/__spack_path_placeholder__/__spack_path_placeholder__/__spack_path_placeholder__/__spack_path_placeholder__/__spack_path_placeholde/linux-ubuntu20.04-x86_64/gcc-11.1.0/cmake-3.25.1-vghw527fwqerrspvi7gahv4uk6kir3em/bin/cmake' '-G' 'Unix Makefiles' '-DCMAKE_INSTALL_PREFIX:STRING=/spack/opt/spack/__spack_path_placeholder__/__spack_path_placeholder__/__spack_path_placeholder__/__spack_path_placeholder__/__spack_path_placeholder__/__spack_path_placeholder__/__spack_path_placeholder__/__spack_path_placeholder__/__spack_path_placeholde/linux-ubuntu20.04-x86_64/nvhpc-22.11/gftl-shared-1.5.0-fdec3c4x7aomxkjltjspwbl5zbfo2kft' '-DCMAKE_BUILD_TYPE:STRING=Release' '-DBUILD_TESTING:BOOL=OFF' '-DCMAKE_INTERPROCEDURAL_OPTIMIZATION:BOOL=OFF' '-DCMAKE_VERBOSE_MAKEFILE:BOOL=ON' '-DCMAKE_INSTALL_RPATH_USE_LINK_PATH:BOOL=ON' '-DCMAKE_INSTALL_RPATH:STRING=/spack/opt/spack/__spack_path_placeholder__/__spack_path_placeholder__/__spack_path_placeholder__/__spack_path_placeholder__/__spack_path_placeholder__/__spack_path_placeholder__/__spack_path_placeholder__/__spack_path_placeholder__/__spack_path_placeholde/linux-ubuntu20.04-x86_64/nvhpc-22.11/gftl-shared-1.5.0-fdec3c4x7aomxkjltjspwbl5zbfo2kft/lib;/spack/opt/spack/__spack_path_placeholder__/__spack_path_placeholder__/__spack_path_placeholder__/__spack_path_placeholder__/__spack_path_placeholder__/__spack_path_placeholder__/__spack_path_placeholder__/__spack_path_placeholder__/__spack_path_placeholde/linux-ubuntu20.04-x86_64/nvhpc-22.11/gftl-shared-1.5.0-fdec3c4x7aomxkjltjspwbl5zbfo2kft/lib64' '-DCMAKE_PREFIX_PATH:STRING=/spack/opt/spack/__spack_path_placeholder__/__spack_path_placeholder__/__spack_path_placeholder__/__spack_path_placeholder__/__spack_path_placeholder__/__spack_path_placeholder__/__spack_path_placeholder__/__spack_path_placeholder__/__spack_path_placeholde/linux-ubuntu20.04-x86_64/nvhpc-22.11/gftl-1.8.1-q4styoimuc2fab76uwjdtpfdr3f6klrl;/spack/opt/spack/__spack_path_placeholder__/__spack_path_placeholder__/__spack_path_placeholder__/__spack_path_placeholder__/__spack_path_placeholder__/__spack_path_placeholder__/__spack_path_placeholder__/__spack_path_placeholder__/__spack_path_placeholde/linux-ubuntu20.04-x86_64/nvhpc-22.11/m4-1.4.19-sylqsk2xbpkawpmwjqyqw7vi4mwhwd53;/spack/opt/spack/__spack_path_placeholder__/__spack_path_placeholder__/__spack_path_placeholder__/__spack_path_placeholder__/__spack_path_placeholder__/__spack_path_placeholder__/__spack_path_placeholder__/__spack_path_placeholder__/__spack_path_placeholde/linux-ubuntu20.04-x86_64/gcc-11.1.0/cmake-3.25.1-vghw527fwqerrspvi7gahv4uk6kir3em' '/tmp/root/spack-stage/spack-stage-gftl-shared-1.5.0-fdec3c4x7aomxkjltjspwbl5zbfo2kft/spack-src'

4 errors found in build log:
     3     -- The Fortran compiler identification is NVHPC 22.11.0
     4     -- Detecting Fortran compiler ABI info
     5     -- Detecting Fortran compiler ABI info - done
     6     -- Check for working Fortran compiler: /spack/lib/spack/env/nvhpc/nvfortran - skipped
     7     -- Performing Test _LOGICAL_DEFAULT_KIND: SUCCESS (value=4)
     8     -- Performing Test _INT_DEFAULT_KIND: SUCCESS (value=4)
  >> 9     CMake Error at cmake/fortran_try.cmake:13 (string):
     10      string sub-command STRIP requires two arguments.
     11    Call Stack (most recent call first):
     12      cmake/check_intrinsic_kinds.cmake:16 (CHECK_Fortran_SOURCE_RUN)
     13      CMakeLists.txt:36 (include)
     14    
     15    
     16    -- Performing Test _ISO_INT8: SUCCESS (value=)
  >> 17    CMake Error at cmake/fortran_try.cmake:13 (string):
     18      string sub-command STRIP requires two arguments.
     19    Call Stack (most recent call first):
     20      cmake/check_intrinsic_kinds.cmake:16 (CHECK_Fortran_SOURCE_RUN)
     21      CMakeLists.txt:36 (include)
     22    
     23    
     24    -- Performing Test _ISO_INT16: SUCCESS (value=)
  >> 25    CMake Error at cmake/fortran_try.cmake:13 (string):
     26      string sub-command STRIP requires two arguments.
     27    Call Stack (most recent call first):
     28      cmake/check_intrinsic_kinds.cmake:16 (CHECK_Fortran_SOURCE_RUN)
     29      CMakeLists.txt:36 (include)
     30    
     31    
     32    -- Performing Test _ISO_INT32: SUCCESS (value=)
  >> 33    CMake Error at cmake/fortran_try.cmake:13 (string):
     34      string sub-command STRIP requires two arguments.
     35    Call Stack (most recent call first):
     36      cmake/check_intrinsic_kinds.cmake:16 (CHECK_Fortran_SOURCE_RUN)
     37      CMakeLists.txt:36 (include)
     38    
     39    

See build log for details:
  /tmp/root/spack-stage/spack-stage-gftl-shared-1.5.0-fdec3c4x7aomxkjltjspwbl5zbfo2kft/spack-build-out.txt

[+] /spack/opt/spack/[padded-to-256-chars]/linux-ubuntu20.04-x86_64/nvhpc-22.11/openmpi-4.1.4-5f3qnq2ddkpqshlrz7joheqnizi5rjxt
[+] /spack/opt/spack/[padded-to-256-chars]/linux-ubuntu20.04-x86_64/nvhpc-22.11/py-six-1.16.0-cwjauuwmvihd2r2bq34otcvur3znbvag
[+] /spack/opt/spack/[padded-to-256-chars]/linux-ubuntu20.04-x86_64/nvhpc-22.11/py-toml-0.10.2-da5fa5cmedujt4lsrmgbeggt6dwlrwua
[+] /spack/opt/spack/[padded-to-256-chars]/linux-ubuntu20.04-x86_64/gcc-11.1.0/py-cython-0.29.32-2t6vjvg4nwnaru7rta2iumzdh6ohloom
[+] /spack/opt/spack/[padded-to-256-chars]/linux-ubuntu20.04-x86_64/nvhpc-22.11/py-gast-0.5.3-zdt5i3tbtgldmqccpcyodyk7bur6xee6
==> Installing py-cython-0.29.32-cy42w5wojeteazoglc4iceeosgbksvwl
==> py-cython exists in binary cache but with different hash
==> No binary for py-cython-0.29.32-cy42w5wojeteazoglc4iceeosgbksvwl found: installing from source
==> Warning: download_tarball() was unable to download py-cython@0.29.32%gcc@11.1.0 build_system=python_pip arch=linux-ubuntu20.04-x86_64 ^berkeley-db@18.1.40%nvhpc@22.11+cxx~docs+stl build_system=autotools patches=26090f4,b231fcc arch=linux-ubuntu20.04-x86_64 ^bzip2@1.0.8%nvhpc@22.11~debug~pic+shared build_system=generic arch=linux-ubuntu20.04-x86_64 ^ca-certificates-mozilla@2022-10-11%nvhpc@22.11 build_system=generic arch=linux-ubuntu20.04-x86_64 ^diffutils@3.7%nvhpc@22.11 build_system=autotools patches=6e42dc2 arch=linux-ubuntu20.04-x86_64 ^expat@2.5.0%nvhpc@22.11+libbsd build_system=autotools arch=linux-ubuntu20.04-x86_64 ^gdbm@1.23%nvhpc@22.11 build_system=autotools arch=linux-ubuntu20.04-x86_64 ^gettext@0.21.1%nvhpc@22.11+bzip2+curses+git~libunistring+libxml2+tar+xz build_system=autotools patches=6e530da,fb27a3f arch=linux-ubuntu20.04-x86_64 ^libbsd@0.11.3%nvhpc@22.11 build_system=autotools arch=linux-ubuntu20.04-x86_64 ^libffi@3.4.2%gcc@11.1.0 build_system=autotools arch=linux-ubuntu20.04-x86_64 ^libiconv@1.16%nvhpc@22.11 build_system=autotools libs=shared,static arch=linux-ubuntu20.04-x86_64 ^libmd@1.0.4%nvhpc@22.11 build_system=autotools patches=991953c arch=linux-ubuntu20.04-x86_64 ^libxcrypt@4.4.33%gcc@11.1.0~obsolete_api build_system=autotools arch=linux-ubuntu20.04-x86_64 ^libxml2@2.10.3%nvhpc@22.11~python build_system=autotools arch=linux-ubuntu20.04-x86_64 ^ncurses@6.3%nvhpc@22.11~symlinks+termlib abi=none build_system=autotools arch=linux-ubuntu20.04-x86_64 ^openssl@1.1.1s%nvhpc@22.11~docs~shared build_system=generic certs=mozilla arch=linux-ubuntu20.04-x86_64 ^perl@5.36.0%nvhpc@22.11+cpanm+shared+threads build_system=generic arch=linux-ubuntu20.04-x86_64 ^pigz@2.7%nvhpc@22.11 build_system=makefile arch=linux-ubuntu20.04-x86_64 ^pkgconf@1.8.0%nvhpc@22.11 build_system=autotools arch=linux-ubuntu20.04-x86_64 ^py-pip@22.2.2%nvhpc@22.11 build_system=generic arch=linux-ubuntu20.04-x86_64 ^py-setuptools@59.4.0%nvhpc@22.11 build_system=generic arch=linux-ubuntu20.04-x86_64 ^py-wheel@0.37.1%nvhpc@22.11 build_system=generic arch=linux-ubuntu20.04-x86_64 ^python@3.10.8%gcc@11.1.0+bz2+crypt+ctypes+dbm~debug+libxml2+lzma~nis~optimizations+pic+pyexpat+pythoncmd+readline+shared+sqlite3+ssl~tkinter+uuid+zlib build_system=generic patches=0d98e93,7d40923,f2fd060 arch=linux-ubuntu20.04-x86_64 ^readline@8.2%gcc@11.1.0 build_system=autotools patches=bbf97f1 arch=linux-ubuntu20.04-x86_64 ^sqlite@3.40.0%nvhpc@22.11+column_metadata+dynamic_extensions+fts~functions+rtree build_system=autotools arch=linux-ubuntu20.04-x86_64 ^tar@1.30%nvhpc@22.11 build_system=autotools patches=4e8cdf6 zip=pigz arch=linux-ubuntu20.04-x86_64 ^util-linux-uuid@2.38.1%nvhpc@22.11 build_system=autotools arch=linux-ubuntu20.04-x86_64 ^xz@5.2.7%gcc@11.1.0~pic build_system=autotools libs=shared,static arch=linux-ubuntu20.04-x86_64 ^zlib@1.2.13%nvhpc@22.11+optimize+pic+shared build_system=makefile arch=linux-ubuntu20.04-x86_64 from any configured mirrors
==> Using cached archive: /spack/var/spack/cache/_source-cache/archive/87/8733cf4758b79304f2a4e39ebfac5e92341bce47bcceb26c1254398b2f8c1af7.tar.gz
==> No patches needed for py-cython
==> py-cython: Executing phase: 'install'
==> py-cython: Successfully installed py-cython-0.29.32-cy42w5wojeteazoglc4iceeosgbksvwl
  Stage: 0.11s.  Install: 1m 3.09s.  Total: 1m 3.27s
[+] /spack/opt/spack/[padded-to-256-chars]/linux-ubuntu20.04-x86_64/gcc-11.1.0/py-cython-0.29.32-cy42w5wojeteazoglc4iceeosgbksvwl
[+] /spack/opt/spack/[padded-to-256-chars]/linux-ubuntu20.04-x86_64/nvhpc-22.11/py-ply-3.11-2g7i5yh4cxz2tao44h4bgvzhhqkjyzi4
[+] /spack/opt/spack/[padded-to-256-chars]/linux-ubuntu20.04-x86_64/nvhpc-22.11/py-pytz-2022.2.1-mpjjpgna3nrojgicsv24qyf4zrmezijf
[+] /spack/opt/spack/[padded-to-256-chars]/linux-ubuntu20.04-x86_64/nvhpc-22.11/hdf5-1.12.2-gvtu7rxrzsv2mnmvammhgp6ktbjfyrpm
[+] /spack/opt/spack/[padded-to-256-chars]/linux-ubuntu20.04-x86_64/nvhpc-22.11/py-setuptools-scm-6.0.1-yckp6utkuqlhswnwkoj2jphaxhrocjrc
==> Installing py-numpy-1.23.5-xcprgdpek3e773uq25zqtwlofacqokqw
==> py-numpy exists in binary cache but with different hash
==> No binary for py-numpy-1.23.5-xcprgdpek3e773uq25zqtwlofacqokqw found: installing from source
==> Warning: download_tarball() was unable to download py-numpy@1.23.5%nvhpc@22.11+blas+lapack build_system=python_pip patches=873745d arch=linux-ubuntu20.04-x86_64 ^berkeley-db@18.1.40%nvhpc@22.11+cxx~docs+stl build_system=autotools patches=26090f4,b231fcc arch=linux-ubuntu20.04-x86_64 ^bzip2@1.0.8%nvhpc@22.11~debug~pic+shared build_system=generic arch=linux-ubuntu20.04-x86_64 ^ca-certificates-mozilla@2022-10-11%nvhpc@22.11 build_system=generic arch=linux-ubuntu20.04-x86_64 ^diffutils@3.7%nvhpc@22.11 build_system=autotools patches=6e42dc2 arch=linux-ubuntu20.04-x86_64 ^expat@2.5.0%nvhpc@22.11+libbsd build_system=autotools arch=linux-ubuntu20.04-x86_64 ^gdbm@1.23%nvhpc@22.11 build_system=autotools arch=linux-ubuntu20.04-x86_64 ^gettext@0.21.1%nvhpc@22.11+bzip2+curses+git~libunistring+libxml2+tar+xz build_system=autotools patches=6e530da,fb27a3f arch=linux-ubuntu20.04-x86_64 ^libbsd@0.11.3%nvhpc@22.11 build_system=autotools arch=linux-ubuntu20.04-x86_64 ^libffi@3.4.2%gcc@11.1.0 build_system=autotools arch=linux-ubuntu20.04-x86_64 ^libiconv@1.16%nvhpc@22.11 build_system=autotools libs=shared,static arch=linux-ubuntu20.04-x86_64 ^libmd@1.0.4%nvhpc@22.11 build_system=autotools patches=991953c arch=linux-ubuntu20.04-x86_64 ^libxcrypt@4.4.33%gcc@11.1.0~obsolete_api build_system=autotools arch=linux-ubuntu20.04-x86_64 ^libxml2@2.10.3%nvhpc@22.11~python build_system=autotools arch=linux-ubuntu20.04-x86_64 ^ncurses@6.3%nvhpc@22.11~symlinks+termlib abi=none build_system=autotools arch=linux-ubuntu20.04-x86_64 ^openblas@0.3.21%nvhpc@22.11~bignuma~consistent_fpcsr+fortran~ilp64+locking+pic+shared build_system=makefile patches=d3d9b15 symbol_suffix=none threads=none arch=linux-ubuntu20.04-x86_64 ^openssl@1.1.1s%nvhpc@22.11~docs~shared build_system=generic certs=mozilla arch=linux-ubuntu20.04-x86_64 ^perl@5.36.0%nvhpc@22.11+cpanm+shared+threads build_system=generic arch=linux-ubuntu20.04-x86_64 ^pigz@2.7%nvhpc@22.11 build_system=makefile arch=linux-ubuntu20.04-x86_64 ^pkgconf@1.8.0%nvhpc@22.11 build_system=autotools arch=linux-ubuntu20.04-x86_64 ^py-cython@0.29.32%gcc@11.1.0 build_system=python_pip arch=linux-ubuntu20.04-x86_64 ^py-pip@22.2.2%nvhpc@22.11 build_system=generic arch=linux-ubuntu20.04-x86_64 ^py-setuptools@63.0.0%nvhpc@22.11 build_system=generic arch=linux-ubuntu20.04-x86_64 ^py-wheel@0.37.1%nvhpc@22.11 build_system=generic arch=linux-ubuntu20.04-x86_64 ^python@3.10.8%gcc@11.1.0+bz2+crypt+ctypes+dbm~debug+libxml2+lzma~nis~optimizations+pic+pyexpat+pythoncmd+readline+shared+sqlite3+ssl~tkinter+uuid+zlib build_system=generic patches=0d98e93,7d40923,f2fd060 arch=linux-ubuntu20.04-x86_64 ^readline@8.2%gcc@11.1.0 build_system=autotools patches=bbf97f1 arch=linux-ubuntu20.04-x86_64 ^sqlite@3.40.0%nvhpc@22.11+column_metadata+dynamic_extensions+fts~functions+rtree build_system=autotools arch=linux-ubuntu20.04-x86_64 ^tar@1.30%nvhpc@22.11 build_system=autotools patches=4e8cdf6 zip=pigz arch=linux-ubuntu20.04-x86_64 ^util-linux-uuid@2.38.1%nvhpc@22.11 build_system=autotools arch=linux-ubuntu20.04-x86_64 ^xz@5.2.7%gcc@11.1.0~pic build_system=autotools libs=shared,static arch=linux-ubuntu20.04-x86_64 ^zlib@1.2.13%nvhpc@22.11+optimize+pic+shared build_system=makefile arch=linux-ubuntu20.04-x86_64 from any configured mirrors
==> Using cached archive: /spack/var/spack/cache/_source-cache/archive/1b/1b1766d6f397c18153d40015ddfc79ddb715cabadc04d2d228d4e5a8bc4ded1a.tar.gz
==> Applied patch /spack/var/spack/repos/builtin/packages/py-numpy/check_executables.patch
==> py-numpy: Executing phase: 'install'
==> Error: ProcessError: Command exited with status 1:
    '/spack/opt/spack/__spack_path_placeholder__/__spack_path_placeholder__/__spack_path_placeholder__/__spack_path_placeholder__/__spack_path_placeholder__/__spack_path_placeholder__/__spack_path_placeholder__/__spack_path_placeholder__/__spack_path_placeholde/linux-ubuntu20.04-x86_64/gcc-11.1.0/python-3.10.8-ngptfwb7kxxp6gdobz5rsw7dqywjxkv3/bin/python3.10' '-m' 'pip' '-vvv' '--no-input' '--no-cache-dir' '--disable-pip-version-check' 'install' '--no-deps' '--ignore-installed' '--no-build-isolation' '--no-warn-script-location' '--no-index' '--prefix=/spack/opt/spack/__spack_path_placeholder__/__spack_path_placeholder__/__spack_path_placeholder__/__spack_path_placeholder__/__spack_path_placeholder__/__spack_path_placeholder__/__spack_path_placeholder__/__spack_path_placeholder__/__spack_path_placeholde/linux-ubuntu20.04-x86_64/nvhpc-22.11/py-numpy-1.23.5-xcprgdpek3e773uq25zqtwlofacqokqw' '.'

3 errors found in build log:
     12     Processing /tmp/root/spack-stage/spack-stage-py-numpy-1.23.5-xcprgdpek3e773uq25zqtwlofacqokqw/spack-src
     13       Added file:///tmp/root/spack-stage/spack-stage-py-numpy-1.23.5-xcprgdpek3e773uq25zqtwlofacqokqw/spack-src to build tracker '/tmp/pip-build-tracker-jchsdhvc'
     14       Created temporary directory: /tmp/pip-modern-metadata-129zo46y
     15       Preparing metadata (pyproject.toml): started
     16       Running command Preparing metadata (pyproject.toml)
     17       Running from numpy source directory.
  >> 18     setup.py:86: DeprecationWarning:
     19     
     20         `numpy.distutils` is deprecated since NumPy 1.23.0, as a result
     21         of the deprecation of `distutils` itself. It will be removed for
     22         Python >= 3.12. For older Python versions it will remain present.
     23         It is recommended to use `setuptools < 60.0` for those Python versions.
     24         For more details, see:

     ...

     105      package init file 'numpy/random/src/splitmix64/__init__.py' not found (or not a regular file)
     106      package init file 'numpy/typing/tests/data/__init__.py' not found (or not a regular file)
     107      package init file 'numpy/typing/tests/data/fail/__init__.py' not found (or not a regular file)
     108      package init file 'numpy/typing/tests/data/misc/__init__.py' not found (or not a regular file)
     109      package init file 'numpy/typing/tests/data/pass/__init__.py' not found (or not a regular file)
     110      package init file 'numpy/typing/tests/data/reveal/__init__.py' not found (or not a regular file)
  >> 111    /spack/opt/spack/__spack_path_placeholder__/__spack_path_placeholder__/__spack_path_placeholder__/__spack_path_placeholder__/__spack_path_placeholder__/__spack_path_
            placeholder__/__spack_path_placeholder__/__spack_path_placeholder__/__spack_path_placeholde/linux-ubuntu20.04-x86_64/nvhpc-22.11/py-setuptools-63.0.0-hobexd5daxor3pr
            klad2ithtsnxsehoj/lib/python3.10/site-packages/setuptools/command/egg_info.py:632: SetuptoolsDeprecationWarning: Custom 'build_py' does not implement 'get_data_files
            _without_manifest'.
     112      Please extend command classes from setuptools instead of distutils.
     113        warnings.warn(
     114      reading manifest file '/tmp/pip-modern-metadata-129zo46y/numpy.egg-info/SOURCES.txt'
     115      reading manifest template 'MANIFEST.in'
     116      warning: no previously-included files found matching 'LICENSES_bundled.txt'
     117      warning: no previously-included files found matching 'azure-*.yml'

     ...

     137    Building wheels for collected packages: numpy
     138      Created temporary directory: /tmp/pip-wheel-8_mekds6
     139      Destination directory: /tmp/pip-wheel-8_mekds6
     140      Building wheel for numpy (pyproject.toml): started
     141      Running command Building wheel for numpy (pyproject.toml)
     142      Running from numpy source directory.
  >> 143    setup.py:86: DeprecationWarning:
     144    
     145        `numpy.distutils` is deprecated since NumPy 1.23.0, as a result
     146        of the deprecation of `distutils` itself. It will be removed for
     147        Python >= 3.12. For older Python versions it will remain present.
     148        It is recommended to use `setuptools < 60.0` for those Python versions.
     149        For more details, see:

See build log for details:
  /tmp/root/spack-stage/spack-stage-py-numpy-1.23.5-xcprgdpek3e773uq25zqtwlofacqokqw/spack-build-out.txt

==> Installing py-numpy-1.22.4-reithnxf4hqv5w2y7yzcld3bvw7e7vnl
==> py-numpy exists in binary cache but with different hash
==> No binary for py-numpy-1.22.4-reithnxf4hqv5w2y7yzcld3bvw7e7vnl found: installing from source
==> Warning: Skipping build of ecflow-5.8.3-k3jx3zm3xgdwixrq5kixfkmuo4jdhls7 since py-numpy-1.23.5-xcprgdpek3e773uq25zqtwlofacqokqw failed
==> Warning: download_tarball() was unable to download py-numpy@1.22.4%nvhpc@22.11+blas+lapack build_system=python_pip patches=873745d arch=linux-ubuntu20.04-x86_64 ^berkeley-db@18.1.40%nvhpc@22.11+cxx~docs+stl build_system=autotools patches=26090f4,b231fcc arch=linux-ubuntu20.04-x86_64 ^bzip2@1.0.8%nvhpc@22.11~debug~pic+shared build_system=generic arch=linux-ubuntu20.04-x86_64 ^ca-certificates-mozilla@2022-10-11%nvhpc@22.11 build_system=generic arch=linux-ubuntu20.04-x86_64 ^diffutils@3.7%nvhpc@22.11 build_system=autotools patches=6e42dc2 arch=linux-ubuntu20.04-x86_64 ^expat@2.5.0%nvhpc@22.11+libbsd build_system=autotools arch=linux-ubuntu20.04-x86_64 ^gdbm@1.23%nvhpc@22.11 build_system=autotools arch=linux-ubuntu20.04-x86_64 ^gettext@0.21.1%nvhpc@22.11+bzip2+curses+git~libunistring+libxml2+tar+xz build_system=autotools patches=6e530da,fb27a3f arch=linux-ubuntu20.04-x86_64 ^libbsd@0.11.3%nvhpc@22.11 build_system=autotools arch=linux-ubuntu20.04-x86_64 ^libffi@3.4.2%gcc@11.1.0 build_system=autotools arch=linux-ubuntu20.04-x86_64 ^libiconv@1.16%nvhpc@22.11 build_system=autotools libs=shared,static arch=linux-ubuntu20.04-x86_64 ^libmd@1.0.4%nvhpc@22.11 build_system=autotools patches=991953c arch=linux-ubuntu20.04-x86_64 ^libxcrypt@4.4.33%gcc@11.1.0~obsolete_api build_system=autotools arch=linux-ubuntu20.04-x86_64 ^libxml2@2.10.3%nvhpc@22.11~python build_system=autotools arch=linux-ubuntu20.04-x86_64 ^ncurses@6.3%nvhpc@22.11~symlinks+termlib abi=none build_system=autotools arch=linux-ubuntu20.04-x86_64 ^openblas@0.3.21%nvhpc@22.11~bignuma~consistent_fpcsr+fortran~ilp64+locking+pic+shared build_system=makefile patches=d3d9b15 symbol_suffix=none threads=none arch=linux-ubuntu20.04-x86_64 ^openssl@1.1.1s%nvhpc@22.11~docs~shared build_system=generic certs=mozilla arch=linux-ubuntu20.04-x86_64 ^perl@5.36.0%nvhpc@22.11+cpanm+shared+threads build_system=generic arch=linux-ubuntu20.04-x86_64 ^pigz@2.7%nvhpc@22.11 build_system=makefile arch=linux-ubuntu20.04-x86_64 ^pkgconf@1.8.0%nvhpc@22.11 build_system=autotools arch=linux-ubuntu20.04-x86_64 ^py-cython@0.29.32%gcc@11.1.0 build_system=python_pip arch=linux-ubuntu20.04-x86_64 ^py-pip@22.2.2%nvhpc@22.11 build_system=generic arch=linux-ubuntu20.04-x86_64 ^py-setuptools@63.0.0%nvhpc@22.11 build_system=generic arch=linux-ubuntu20.04-x86_64 ^py-wheel@0.37.1%nvhpc@22.11 build_system=generic arch=linux-ubuntu20.04-x86_64 ^python@3.10.8%gcc@11.1.0+bz2+crypt+ctypes+dbm~debug+libxml2+lzma~nis~optimizations+pic+pyexpat+pythoncmd+readline+shared+sqlite3+ssl~tkinter+uuid+zlib build_system=generic patches=0d98e93,7d40923,f2fd060 arch=linux-ubuntu20.04-x86_64 ^readline@8.2%gcc@11.1.0 build_system=autotools patches=bbf97f1 arch=linux-ubuntu20.04-x86_64 ^sqlite@3.40.0%nvhpc@22.11+column_metadata+dynamic_extensions+fts~functions+rtree build_system=autotools arch=linux-ubuntu20.04-x86_64 ^tar@1.30%nvhpc@22.11 build_system=autotools patches=4e8cdf6 zip=pigz arch=linux-ubuntu20.04-x86_64 ^util-linux-uuid@2.38.1%nvhpc@22.11 build_system=autotools arch=linux-ubuntu20.04-x86_64 ^xz@5.2.7%gcc@11.1.0~pic build_system=autotools libs=shared,static arch=linux-ubuntu20.04-x86_64 ^zlib@1.2.13%nvhpc@22.11+optimize+pic+shared build_system=makefile arch=linux-ubuntu20.04-x86_64 from any configured mirrors
==> Using cached archive: /spack/var/spack/cache/_source-cache/archive/42/425b390e4619f58d8526b3dcf656dde069133ae5c240229821f01b5f44ea07af.zip
==> Applied patch /spack/var/spack/repos/builtin/packages/py-numpy/check_executables.patch
==> py-numpy: Executing phase: 'install'
==> Error: ProcessError: Command exited with status 1:
    '/spack/opt/spack/__spack_path_placeholder__/__spack_path_placeholder__/__spack_path_placeholder__/__spack_path_placeholder__/__spack_path_placeholder__/__spack_path_placeholder__/__spack_path_placeholder__/__spack_path_placeholder__/__spack_path_placeholde/linux-ubuntu20.04-x86_64/gcc-11.1.0/python-3.10.8-ngptfwb7kxxp6gdobz5rsw7dqywjxkv3/bin/python3.10' '-m' 'pip' '-vvv' '--no-input' '--no-cache-dir' '--disable-pip-version-check' 'install' '--no-deps' '--ignore-installed' '--no-build-isolation' '--no-warn-script-location' '--no-index' '--prefix=/spack/opt/spack/__spack_path_placeholder__/__spack_path_placeholder__/__spack_path_placeholder__/__spack_path_placeholder__/__spack_path_placeholder__/__spack_path_placeholder__/__spack_path_placeholder__/__spack_path_placeholder__/__spack_path_placeholde/linux-ubuntu20.04-x86_64/nvhpc-22.11/py-numpy-1.22.4-reithnxf4hqv5w2y7yzcld3bvw7e7vnl' '.'

2 errors found in build log:
     80       package init file 'numpy/f2py/tests/src/size/__init__.py' not found (or not a regular file)
     81       package init file 'numpy/f2py/tests/src/array_from_pyobj/__init__.py' not found (or not a regular file)
     82       package init file 'numpy/f2py/tests/src/parameter/__init__.py' not found (or not a regular file)
     83       package init file 'numpy/f2py/tests/src/assumed_shape/__init__.py' not found (or not a regular file)
     84       package init file 'numpy/f2py/tests/src/mixed/__init__.py' not found (or not a regular file)
     85       package init file 'numpy/f2py/tests/src/kind/__init__.py' not found (or not a regular file)
  >> 86     /spack/opt/spack/__spack_path_placeholder__/__spack_path_placeholder__/__spack_path_placeholder__/__spack_path_placeholder__/__spack_path_placeholder__/__spack_path_
            placeholder__/__spack_path_placeholder__/__spack_path_placeholder__/__spack_path_placeholde/linux-ubuntu20.04-x86_64/nvhpc-22.11/py-setuptools-63.0.0-hobexd5daxor3pr
            klad2ithtsnxsehoj/lib/python3.10/site-packages/setuptools/command/egg_info.py:632: SetuptoolsDeprecationWarning: Custom 'build_py' does not implement 'get_data_files
            _without_manifest'.
     87       Please extend command classes from setuptools instead of distutils.
     88         warnings.warn(
     89       reading manifest file '/tmp/pip-modern-metadata-aepsceel/numpy.egg-info/SOURCES.txt'
     90       reading manifest template 'MANIFEST.in'
     91       warning: no previously-included files found matching 'LICENSES_bundled.txt'
     92       warning: no previously-included files found matching 'azure-*.yml'

     ...

     112    Building wheels for collected packages: numpy
     113      Created temporary directory: /tmp/pip-wheel-kmj0e35o
     114      Destination directory: /tmp/pip-wheel-kmj0e35o
     115      Building wheel for numpy (pyproject.toml): started
     116      Running command Building wheel for numpy (pyproject.toml)
     117      Running from numpy source directory.
  >> 118    /tmp/root/spack-stage/spack-stage-py-numpy-1.22.4-reithnxf4hqv5w2y7yzcld3bvw7e7vnl/spack-src/tools/cythonize.py:63: DeprecationWarning: The distutils package is depr
            ecated and slated for removal in Python 3.12. Use setuptools or check PEP 632 for potential alternatives
     119        from distutils.version import LooseVersion
     120      Processing numpy/random/_bounded_integers.pxd.in
     121      Processing numpy/random/_mt19937.pyx
     122      Processing numpy/random/_generator.pyx
     123      Processing numpy/random/_philox.pyx
     124      Processing numpy/random/_bounded_integers.pyx.in

See build log for details:
  /tmp/root/spack-stage/spack-stage-py-numpy-1.22.4-reithnxf4hqv5w2y7yzcld3bvw7e7vnl/spack-build-out.txt

==> Installing py-numpy-1.22.3-26ll4lp7dy24ewvgk6y6sphqtpjsu3db
==> py-numpy exists in binary cache but with different hash
==> No binary for py-numpy-1.22.3-26ll4lp7dy24ewvgk6y6sphqtpjsu3db found: installing from source
==> Warning: Skipping build of py-pandas-1.4.0-p3cjhsuualjv6gd5ajx2z3auwahkfyfa since py-numpy-1.22.4-reithnxf4hqv5w2y7yzcld3bvw7e7vnl failed
==> Warning: Skipping build of py-bottleneck-1.3.2-qbyaese3yvrykst5hwxnlmwtxe2z6w66 since py-numpy-1.22.4-reithnxf4hqv5w2y7yzcld3bvw7e7vnl failed
==> Warning: Skipping build of py-numexpr-2.7.3-rwev3b3zu6ajc2qki2p5dbryp62dtfhd since py-numpy-1.22.4-reithnxf4hqv5w2y7yzcld3bvw7e7vnl failed
==> Warning: download_tarball() was unable to download py-numpy@1.22.3%nvhpc@22.11+blas+lapack build_system=python_pip patches=873745d,e9508c3 arch=linux-ubuntu20.04-x86_64 ^berkeley-db@18.1.40%nvhpc@22.11+cxx~docs+stl build_system=autotools patches=26090f4,b231fcc arch=linux-ubuntu20.04-x86_64 ^bzip2@1.0.8%nvhpc@22.11~debug~pic+shared build_system=generic arch=linux-ubuntu20.04-x86_64 ^ca-certificates-mozilla@2022-10-11%nvhpc@22.11 build_system=generic arch=linux-ubuntu20.04-x86_64 ^diffutils@3.7%nvhpc@22.11 build_system=autotools patches=6e42dc2 arch=linux-ubuntu20.04-x86_64 ^expat@2.5.0%nvhpc@22.11+libbsd build_system=autotools arch=linux-ubuntu20.04-x86_64 ^gdbm@1.23%nvhpc@22.11 build_system=autotools arch=linux-ubuntu20.04-x86_64 ^gettext@0.21.1%nvhpc@22.11+bzip2+curses+git~libunistring+libxml2+tar+xz build_system=autotools patches=6e530da,fb27a3f arch=linux-ubuntu20.04-x86_64 ^libbsd@0.11.3%nvhpc@22.11 build_system=autotools arch=linux-ubuntu20.04-x86_64 ^libffi@3.4.2%gcc@11.1.0 build_system=autotools arch=linux-ubuntu20.04-x86_64 ^libiconv@1.16%nvhpc@22.11 build_system=autotools libs=shared,static arch=linux-ubuntu20.04-x86_64 ^libmd@1.0.4%nvhpc@22.11 build_system=autotools patches=991953c arch=linux-ubuntu20.04-x86_64 ^libxcrypt@4.4.33%gcc@11.1.0~obsolete_api build_system=autotools arch=linux-ubuntu20.04-x86_64 ^libxml2@2.10.3%nvhpc@22.11~python build_system=autotools arch=linux-ubuntu20.04-x86_64 ^ncurses@6.3%nvhpc@22.11~symlinks+termlib abi=none build_system=autotools arch=linux-ubuntu20.04-x86_64 ^openblas@0.3.21%nvhpc@22.11~bignuma~consistent_fpcsr+fortran~ilp64+locking+pic+shared build_system=makefile patches=d3d9b15 symbol_suffix=none threads=none arch=linux-ubuntu20.04-x86_64 ^openssl@1.1.1s%nvhpc@22.11~docs~shared build_system=generic certs=mozilla arch=linux-ubuntu20.04-x86_64 ^perl@5.36.0%nvhpc@22.11+cpanm+shared+threads build_system=generic arch=linux-ubuntu20.04-x86_64 ^pigz@2.7%nvhpc@22.11 build_system=makefile arch=linux-ubuntu20.04-x86_64 ^pkgconf@1.8.0%nvhpc@22.11 build_system=autotools arch=linux-ubuntu20.04-x86_64 ^py-cython@0.29.32%gcc@11.1.0 build_system=python_pip arch=linux-ubuntu20.04-x86_64 ^py-pip@22.2.2%nvhpc@22.11 build_system=generic arch=linux-ubuntu20.04-x86_64 ^py-setuptools@63.0.0%nvhpc@22.11 build_system=generic arch=linux-ubuntu20.04-x86_64 ^py-wheel@0.37.1%nvhpc@22.11 build_system=generic arch=linux-ubuntu20.04-x86_64 ^python@3.10.8%gcc@11.1.0+bz2+crypt+ctypes+dbm~debug+libxml2+lzma~nis~optimizations+pic+pyexpat+pythoncmd+readline+shared+sqlite3+ssl~tkinter+uuid+zlib build_system=generic patches=0d98e93,7d40923,f2fd060 arch=linux-ubuntu20.04-x86_64 ^readline@8.2%gcc@11.1.0 build_system=autotools patches=bbf97f1 arch=linux-ubuntu20.04-x86_64 ^sqlite@3.40.0%nvhpc@22.11+column_metadata+dynamic_extensions+fts~functions+rtree build_system=autotools arch=linux-ubuntu20.04-x86_64 ^tar@1.30%nvhpc@22.11 build_system=autotools patches=4e8cdf6 zip=pigz arch=linux-ubuntu20.04-x86_64 ^util-linux-uuid@2.38.1%nvhpc@22.11 build_system=autotools arch=linux-ubuntu20.04-x86_64 ^xz@5.2.7%gcc@11.1.0~pic build_system=autotools libs=shared,static arch=linux-ubuntu20.04-x86_64 ^zlib@1.2.13%nvhpc@22.11+optimize+pic+shared build_system=makefile arch=linux-ubuntu20.04-x86_64 from any configured mirrors
==> Using cached archive: /spack/var/spack/cache/_source-cache/archive/db/dbc7601a3b7472d559dc7b933b18b4b66f9aa7452c120e87dfb33d02008c8a18.zip
==> Using cached archive: /spack/var/spack/cache/_source-cache/archive/e9/e9508c3b3a1e1a24669014a0c1b9f3b009a149ea3886cf711eaef2a32b247fdb
==> Applied patch /spack/var/spack/repos/builtin/packages/py-numpy/check_executables.patch
==> Applied patch https://github.com/numpy/numpy/pull/21448.patch?full_index=1
==> py-numpy: Executing phase: 'install'
==> Error: ProcessError: Command exited with status 1:
    '/spack/opt/spack/__spack_path_placeholder__/__spack_path_placeholder__/__spack_path_placeholder__/__spack_path_placeholder__/__spack_path_placeholder__/__spack_path_placeholder__/__spack_path_placeholder__/__spack_path_placeholder__/__spack_path_placeholde/linux-ubuntu20.04-x86_64/gcc-11.1.0/python-3.10.8-ngptfwb7kxxp6gdobz5rsw7dqywjxkv3/bin/python3.10' '-m' 'pip' '-vvv' '--no-input' '--no-cache-dir' '--disable-pip-version-check' 'install' '--no-deps' '--ignore-installed' '--no-build-isolation' '--no-warn-script-location' '--no-index' '--prefix=/spack/opt/spack/__spack_path_placeholder__/__spack_path_placeholder__/__spack_path_placeholder__/__spack_path_placeholder__/__spack_path_placeholder__/__spack_path_placeholder__/__spack_path_placeholder__/__spack_path_placeholder__/__spack_path_placeholde/linux-ubuntu20.04-x86_64/nvhpc-22.11/py-numpy-1.22.3-26ll4lp7dy24ewvgk6y6sphqtpjsu3db' '.'

2 errors found in build log:
     80       package init file 'numpy/f2py/tests/src/size/__init__.py' not found (or not a regular file)
     81       package init file 'numpy/f2py/tests/src/array_from_pyobj/__init__.py' not found (or not a regular file)
     82       package init file 'numpy/f2py/tests/src/parameter/__init__.py' not found (or not a regular file)
     83       package init file 'numpy/f2py/tests/src/assumed_shape/__init__.py' not found (or not a regular file)
     84       package init file 'numpy/f2py/tests/src/mixed/__init__.py' not found (or not a regular file)
     85       package init file 'numpy/f2py/tests/src/kind/__init__.py' not found (or not a regular file)
  >> 86     /spack/opt/spack/__spack_path_placeholder__/__spack_path_placeholder__/__spack_path_placeholder__/__spack_path_placeholder__/__spack_path_placeholder__/__spack_path_
            placeholder__/__spack_path_placeholder__/__spack_path_placeholder__/__spack_path_placeholde/linux-ubuntu20.04-x86_64/nvhpc-22.11/py-setuptools-63.0.0-hobexd5daxor3pr
            klad2ithtsnxsehoj/lib/python3.10/site-packages/setuptools/command/egg_info.py:632: SetuptoolsDeprecationWarning: Custom 'build_py' does not implement 'get_data_files
            _without_manifest'.
     87       Please extend command classes from setuptools instead of distutils.
     88         warnings.warn(
     89       reading manifest file '/tmp/pip-modern-metadata-_cvo8psf/numpy.egg-info/SOURCES.txt'
     90       reading manifest template 'MANIFEST.in'
     91       warning: no previously-included files found matching 'LICENSES_bundled.txt'
     92       warning: no previously-included files found matching 'azure-*.yml'

     ...

     112    Building wheels for collected packages: numpy
     113      Created temporary directory: /tmp/pip-wheel-piiqnxxw
     114      Destination directory: /tmp/pip-wheel-piiqnxxw
     115      Building wheel for numpy (pyproject.toml): started
     116      Running command Building wheel for numpy (pyproject.toml)
     117      Running from numpy source directory.
  >> 118    /tmp/root/spack-stage/spack-stage-py-numpy-1.22.3-26ll4lp7dy24ewvgk6y6sphqtpjsu3db/spack-src/tools/cythonize.py:63: DeprecationWarning: The distutils package is depr
            ecated and slated for removal in Python 3.12. Use setuptools or check PEP 632 for potential alternatives
     119        from distutils.version import LooseVersion
     120      Processing numpy/random/_bounded_integers.pxd.in
     121      Processing numpy/random/_mt19937.pyx
     122      Processing numpy/random/_generator.pyx
     123      Processing numpy/random/_philox.pyx
     124      Processing numpy/random/_bounded_integers.pyx.in

See build log for details:
  /tmp/root/spack-stage/spack-stage-py-numpy-1.22.3-26ll4lp7dy24ewvgk6y6sphqtpjsu3db/spack-build-out.txt

[+] /spack/opt/spack/[padded-to-256-chars]/linux-ubuntu20.04-x86_64/nvhpc-22.11/py-beniget-0.4.1-avn4uo5efovwr46ndst3al75typmc6cv
==> Installing py-numpy-1.23.5-2ww62h2g2nme2hsgor4qzosmx2m72u33
==> py-numpy exists in binary cache but with different hash
==> No binary for py-numpy-1.23.5-2ww62h2g2nme2hsgor4qzosmx2m72u33 found: installing from source
==> Warning: download_tarball() was unable to download py-numpy@1.23.5%nvhpc@22.11+blas+lapack build_system=python_pip patches=873745d arch=linux-ubuntu20.04-x86_64 ^berkeley-db@18.1.40%nvhpc@22.11+cxx~docs+stl build_system=autotools patches=26090f4,b231fcc arch=linux-ubuntu20.04-x86_64 ^bzip2@1.0.8%nvhpc@22.11~debug~pic+shared build_system=generic arch=linux-ubuntu20.04-x86_64 ^ca-certificates-mozilla@2022-10-11%nvhpc@22.11 build_system=generic arch=linux-ubuntu20.04-x86_64 ^diffutils@3.7%nvhpc@22.11 build_system=autotools patches=6e42dc2 arch=linux-ubuntu20.04-x86_64 ^expat@2.5.0%nvhpc@22.11+libbsd build_system=autotools arch=linux-ubuntu20.04-x86_64 ^gdbm@1.23%nvhpc@22.11 build_system=autotools arch=linux-ubuntu20.04-x86_64 ^gettext@0.21.1%nvhpc@22.11+bzip2+curses+git~libunistring+libxml2+tar+xz build_system=autotools patches=6e530da,fb27a3f arch=linux-ubuntu20.04-x86_64 ^libbsd@0.11.3%nvhpc@22.11 build_system=autotools arch=linux-ubuntu20.04-x86_64 ^libffi@3.4.2%gcc@11.1.0 build_system=autotools arch=linux-ubuntu20.04-x86_64 ^libiconv@1.16%nvhpc@22.11 build_system=autotools libs=shared,static arch=linux-ubuntu20.04-x86_64 ^libmd@1.0.4%nvhpc@22.11 build_system=autotools patches=991953c arch=linux-ubuntu20.04-x86_64 ^libxcrypt@4.4.33%gcc@11.1.0~obsolete_api build_system=autotools arch=linux-ubuntu20.04-x86_64 ^libxml2@2.10.3%nvhpc@22.11~python build_system=autotools arch=linux-ubuntu20.04-x86_64 ^ncurses@6.3%nvhpc@22.11~symlinks+termlib abi=none build_system=autotools arch=linux-ubuntu20.04-x86_64 ^openblas@0.3.21%nvhpc@22.11~bignuma~consistent_fpcsr+fortran~ilp64+locking+pic+shared build_system=makefile patches=d3d9b15 symbol_suffix=none threads=none arch=linux-ubuntu20.04-x86_64 ^openssl@1.1.1s%nvhpc@22.11~docs~shared build_system=generic certs=mozilla arch=linux-ubuntu20.04-x86_64 ^perl@5.36.0%nvhpc@22.11+cpanm+shared+threads build_system=generic arch=linux-ubuntu20.04-x86_64 ^pigz@2.7%nvhpc@22.11 build_system=makefile arch=linux-ubuntu20.04-x86_64 ^pkgconf@1.8.0%nvhpc@22.11 build_system=autotools arch=linux-ubuntu20.04-x86_64 ^py-cython@0.29.32%gcc@11.1.0 build_system=python_pip arch=linux-ubuntu20.04-x86_64 ^py-pip@22.2.2%nvhpc@22.11 build_system=generic arch=linux-ubuntu20.04-x86_64 ^py-setuptools@59.4.0%nvhpc@22.11 build_system=generic arch=linux-ubuntu20.04-x86_64 ^py-wheel@0.37.1%nvhpc@22.11 build_system=generic arch=linux-ubuntu20.04-x86_64 ^python@3.10.8%gcc@11.1.0+bz2+crypt+ctypes+dbm~debug+libxml2+lzma~nis~optimizations+pic+pyexpat+pythoncmd+readline+shared+sqlite3+ssl~tkinter+uuid+zlib build_system=generic patches=0d98e93,7d40923,f2fd060 arch=linux-ubuntu20.04-x86_64 ^readline@8.2%gcc@11.1.0 build_system=autotools patches=bbf97f1 arch=linux-ubuntu20.04-x86_64 ^sqlite@3.40.0%nvhpc@22.11+column_metadata+dynamic_extensions+fts~functions+rtree build_system=autotools arch=linux-ubuntu20.04-x86_64 ^tar@1.30%nvhpc@22.11 build_system=autotools patches=4e8cdf6 zip=pigz arch=linux-ubuntu20.04-x86_64 ^util-linux-uuid@2.38.1%nvhpc@22.11 build_system=autotools arch=linux-ubuntu20.04-x86_64 ^xz@5.2.7%gcc@11.1.0~pic build_system=autotools libs=shared,static arch=linux-ubuntu20.04-x86_64 ^zlib@1.2.13%nvhpc@22.11+optimize+pic+shared build_system=makefile arch=linux-ubuntu20.04-x86_64 from any configured mirrors
==> Using cached archive: /spack/var/spack/cache/_source-cache/archive/1b/1b1766d6f397c18153d40015ddfc79ddb715cabadc04d2d228d4e5a8bc4ded1a.tar.gz
==> Applied patch /spack/var/spack/repos/builtin/packages/py-numpy/check_executables.patch
==> py-numpy: Executing phase: 'install'
==> Error: ProcessError: Command exited with status 1:
    '/spack/opt/spack/__spack_path_placeholder__/__spack_path_placeholder__/__spack_path_placeholder__/__spack_path_placeholder__/__spack_path_placeholder__/__spack_path_placeholder__/__spack_path_placeholder__/__spack_path_placeholder__/__spack_path_placeholde/linux-ubuntu20.04-x86_64/gcc-11.1.0/python-3.10.8-ngptfwb7kxxp6gdobz5rsw7dqywjxkv3/bin/python3.10' '-m' 'pip' '-vvv' '--no-input' '--no-cache-dir' '--disable-pip-version-check' 'install' '--no-deps' '--ignore-installed' '--no-build-isolation' '--no-warn-script-location' '--no-index' '--prefix=/spack/opt/spack/__spack_path_placeholder__/__spack_path_placeholder__/__spack_path_placeholder__/__spack_path_placeholder__/__spack_path_placeholder__/__spack_path_placeholder__/__spack_path_placeholder__/__spack_path_placeholder__/__spack_path_placeholde/linux-ubuntu20.04-x86_64/nvhpc-22.11/py-numpy-1.23.5-2ww62h2g2nme2hsgor4qzosmx2m72u33' '.'

2 errors found in build log:
     12    Processing /tmp/root/spack-stage/spack-stage-py-numpy-1.23.5-2ww62h2g2nme2hsgor4qzosmx2m72u33/spack-src
     13      Added file:///tmp/root/spack-stage/spack-stage-py-numpy-1.23.5-2ww62h2g2nme2hsgor4qzosmx2m72u33/spack-src to build tracker '/tmp/pip-build-tracker-7t3zz98e'
     14      Created temporary directory: /tmp/pip-modern-metadata-ia61eva_
     15      Preparing metadata (pyproject.toml): started
     16      Running command Preparing metadata (pyproject.toml)
     17      Running from numpy source directory.
  >> 18    setup.py:86: DeprecationWarning:
     19    
     20        `numpy.distutils` is deprecated since NumPy 1.23.0, as a result
     21        of the deprecation of `distutils` itself. It will be removed for
     22        Python >= 3.12. For older Python versions it will remain present.
     23        It is recommended to use `setuptools < 60.0` for those Python versions.
     24        For more details, see:

     ...

     61    Building wheels for collected packages: numpy
     62      Created temporary directory: /tmp/pip-wheel-j50m1lot
     63      Destination directory: /tmp/pip-wheel-j50m1lot
     64      Building wheel for numpy (pyproject.toml): started
     65      Running command Building wheel for numpy (pyproject.toml)
     66      Running from numpy source directory.
  >> 67    setup.py:86: DeprecationWarning:
     68    
     69        `numpy.distutils` is deprecated since NumPy 1.23.0, as a result
     70        of the deprecation of `distutils` itself. It will be removed for
     71        Python >= 3.12. For older Python versions it will remain present.
     72        It is recommended to use `setuptools < 60.0` for those Python versions.
     73        For more details, see:

See build log for details:
  /tmp/root/spack-stage/spack-stage-py-numpy-1.23.5-2ww62h2g2nme2hsgor4qzosmx2m72u33/spack-build-out.txt

[+] /spack/opt/spack/[padded-to-256-chars]/linux-ubuntu20.04-x86_64/nvhpc-22.11/netcdf-c-4.9.0-ip2zaoyaf54gb3x5cep44rve3bofepd6
[+] /spack/opt/spack/[padded-to-256-chars]/linux-ubuntu20.04-x86_64/nvhpc-22.11/py-python-dateutil-2.8.2-3mu2kprc6hgyvsqi6dxnicsrtwbdyyqh
[+] /spack/opt/spack/[padded-to-256-chars]/linux-ubuntu20.04-x86_64/nvhpc-22.11/netcdf-fortran-4.6.0-duutnxkxsodzkrhghhuy7ezyvzrnh244
==> Installing fms-2022.01-6rtwkcbcnzqpqfs2l7czw74eq66mh3pa
==> fms exists in binary cache but with different hash
==> No binary for fms-2022.01-6rtwkcbcnzqpqfs2l7czw74eq66mh3pa found: installing from source
==> Warning: Skipping build of py-pythran-0.10.0-bkl3hoaaie75un4qpcba422u7xhyalzd since py-numpy-1.23.5-2ww62h2g2nme2hsgor4qzosmx2m72u33 failed
==> Warning: download_tarball() was unable to download fms@2022.01%nvhpc@22.11+64bit+gfs_phys~ipo+openmp+quad_precision~yaml build_system=cmake build_type=RelWithDebInfo arch=linux-ubuntu20.04-x86_64 ^autoconf@2.69%nvhpc@22.11 build_system=autotools patches=35c4492,7793209,a49dd5b arch=linux-ubuntu20.04-x86_64 ^automake@1.16.5%nvhpc@22.11 build_system=autotools arch=linux-ubuntu20.04-x86_64 ^berkeley-db@18.1.40%nvhpc@22.11+cxx~docs+stl build_system=autotools patches=26090f4,b231fcc arch=linux-ubuntu20.04-x86_64 ^bison@3.8.2%nvhpc@22.11 build_system=autotools arch=linux-ubuntu20.04-x86_64 ^bzip2@1.0.8%nvhpc@22.11~debug~pic+shared build_system=generic arch=linux-ubuntu20.04-x86_64 ^ca-certificates-mozilla@2022-10-11%nvhpc@22.11 build_system=generic arch=linux-ubuntu20.04-x86_64 ^cmake@3.25.1%gcc@11.1.0~doc+ncurses+ownlibs~qt build_system=generic build_type=Release arch=linux-ubuntu20.04-x86_64 ^diffutils@3.7%nvhpc@22.11 build_system=autotools patches=6e42dc2 arch=linux-ubuntu20.04-x86_64 ^gdbm@1.23%nvhpc@22.11 build_system=autotools arch=linux-ubuntu20.04-x86_64 ^gettext@0.21.1%nvhpc@22.11+bzip2+curses+git~libunistring+libxml2+tar+xz build_system=autotools patches=6e530da,fb27a3f arch=linux-ubuntu20.04-x86_64 ^hdf5@1.12.2%nvhpc@22.11~cxx~fortran+hl~ipo~java+mpi+shared~szip~threadsafe+tools api=default build_system=cmake build_type=RelWithDebInfo arch=linux-ubuntu20.04-x86_64 ^hwloc@2.8.0%nvhpc@22.11~cairo~cuda~gl~libudev+libxml2~netloc~nvml~oneapi-level-zero~opencl+pci~rocm build_system=autotools libs=shared,static arch=linux-ubuntu20.04-x86_64 ^krb5@1.20.1%nvhpc@22.11+shared build_system=autotools arch=linux-ubuntu20.04-x86_64 ^libedit@3.1-20210216%nvhpc@22.11 build_system=autotools arch=linux-ubuntu20.04-x86_64 ^libevent@2.1.12%nvhpc@22.11+openssl build_system=autotools arch=linux-ubuntu20.04-x86_64 ^libiconv@1.16%nvhpc@22.11 build_system=autotools libs=shared,static arch=linux-ubuntu20.04-x86_64 ^libpciaccess@0.16%nvhpc@22.11 build_system=autotools patches=6e08dc4 arch=linux-ubuntu20.04-x86_64 ^libsigsegv@2.13%nvhpc@22.11 build_system=autotools arch=linux-ubuntu20.04-x86_64 ^libtool@2.4.7%nvhpc@22.11 build_system=autotools arch=linux-ubuntu20.04-x86_64 ^libxcrypt@4.4.33%gcc@11.1.0~obsolete_api build_system=autotools arch=linux-ubuntu20.04-x86_64 ^libxml2@2.10.3%nvhpc@22.11~python build_system=autotools arch=linux-ubuntu20.04-x86_64 ^m4@1.4.19%nvhpc@22.11+sigsegv build_system=autotools patches=6985830,72bb1ad,9dc5fbd,bfdffa7 arch=linux-ubuntu20.04-x86_64 ^ncurses@6.3%nvhpc@22.11~symlinks+termlib abi=none build_system=autotools arch=linux-ubuntu20.04-x86_64 ^netcdf-c@4.9.0%nvhpc@22.11~dap~fsync~hdf4~jna+mpi+optimize~parallel-netcdf+pic+shared+zstd build_system=autotools arch=linux-ubuntu20.04-x86_64 ^netcdf-fortran@4.6.0%nvhpc@22.11~doc+pic+shared build_system=autotools arch=linux-ubuntu20.04-x86_64 ^numactl@2.0.14%nvhpc@22.11 build_system=autotools patches=4e1d78c,62fc8a8,ff37630 arch=linux-ubuntu20.04-x86_64 ^openmpi@4.1.4%nvhpc@22.11~atomics~cuda~cxx~cxx_exceptions~gpfs~internal-hwloc~java~legacylaunchers~lustre~memchecker+romio+rsh~singularity+static+vt+wrapper-rpath build_system=autotools fabrics=none schedulers=none arch=linux-ubuntu20.04-x86_64 ^openssh@9.1p1%nvhpc@22.11+gssapi build_system=autotools arch=linux-ubuntu20.04-x86_64 ^openssl@1.1.1s%nvhpc@22.11~docs~shared build_system=generic certs=mozilla arch=linux-ubuntu20.04-x86_64 ^perl@5.36.0%nvhpc@22.11+cpanm+shared+threads build_system=generic arch=linux-ubuntu20.04-x86_64 ^pigz@2.7%nvhpc@22.11 build_system=makefile arch=linux-ubuntu20.04-x86_64 ^pkgconf@1.8.0%nvhpc@22.11 build_system=autotools arch=linux-ubuntu20.04-x86_64 ^pmix@4.1.2%nvhpc@22.11~docs+pmi_backwards_compatibility~python~restful build_system=autotools arch=linux-ubuntu20.04-x86_64 ^readline@8.2%gcc@11.1.0 build_system=autotools patches=bbf97f1 arch=linux-ubuntu20.04-x86_64 ^tar@1.30%nvhpc@22.11 build_system=autotools patches=4e8cdf6 zip=pigz arch=linux-ubuntu20.04-x86_64 ^util-macros@1.19.3%nvhpc@22.11 build_system=autotools arch=linux-ubuntu20.04-x86_64 ^xz@5.2.7%gcc@11.1.0~pic build_system=autotools libs=shared,static arch=linux-ubuntu20.04-x86_64 ^zlib@1.2.13%nvhpc@22.11+optimize+pic+shared build_system=makefile arch=linux-ubuntu20.04-x86_64 ^zstd@1.5.2%nvhpc@22.11~programs build_system=makefile libs=shared,static arch=linux-ubuntu20.04-x86_64 from any configured mirrors
==> Fetching https://mirror.spack.io/_source-cache/archive/a1/a1cba1f536923f5953c28729a28e5431e127b45d6bc2c15d230939f0c02daa9b.tar.gz
==> No patches needed for fms
==> fms: Executing phase: 'cmake'
==> fms: Executing phase: 'build'
==> Error: ProcessError: Command exited with status 2:
    'make' '-j32'

5 errors found in build log:
     403    [ 44%] Building Fortran object CMakeFiles/fms_r8_f.dir/fms2_io/netcdf_io.F90.o
     404    /spack/opt/spack/__spack_path_placeholder__/__spack_path_placeholder__/__spack_path_placeholder__/__spack_path_placeholder__/__spack_path_placeholder__/__spack_path_
            placeholder__/__spack_path_placeholder__/__spack_path_placeholder__/__spack_path_placeholde/linux-ubuntu20.04-x86_64/nvhpc-22.11/openmpi-4.1.4-5f3qnq2ddkpqshlrz7johe
            qnizi5rjxt/bin/mpif90 -DENABLE_QUAD_PRECISION -DGFS_PHYS -DHAVE_GETTID -DINTERNAL_FILE_NML -Duse_libMPI -Duse_netCDF -I/tmp/root/spack-stage/spack-stage-fms-2022.01-
            6rtwkcbcnzqpqfs2l7czw74eq66mh3pa/spack-src/include -I/tmp/root/spack-stage/spack-stage-fms-2022.01-6rtwkcbcnzqpqfs2l7czw74eq66mh3pa/spack-src/fms -I/tmp/root/spack-s
            tage/spack-stage-fms-2022.01-6rtwkcbcnzqpqfs2l7czw74eq66mh3pa/spack-src/fms2_io/include -I/tmp/root/spack-stage/spack-stage-fms-2022.01-6rtwkcbcnzqpqfs2l7czw74eq66mh
            3pa/spack-src/mpp/include -isystem /spack/opt/spack/__spack_path_placeholder__/__spack_path_placeholder__/__spack_path_placeholder__/__spack_path_placeholder__/__spa
            ck_path_placeholder__/__spack_path_placeholder__/__spack_path_placeholder__/__spack_path_placeholder__/__spack_path_placeholde/linux-ubuntu20.04-x86_64/nvhpc-22.11/n
            etcdf-fortran-4.6.0-duutnxkxsodzkrhghhuy7ezyvzrnh244/include -O2 -gopt -module include_r8 -mp -c /tmp/root/spack-stage/spack-stage-fms-2022.01-6rtwkcbcnzqpqfs2l7czw7
            4eq66mh3pa/spack-src/fms2_io/netcdf_io.F90 -o CMakeFiles/fms_r8_f.dir/fms2_io/netcdf_io.F90.o
     405    NVFORTRAN-S-0155-Same name common blocks with different sizes in same file not supported  (/tmp/root/spack-stage/spack-stage-fms-2022.01-6rtwkcbcnzqpqfs2l7czw74eq66m
            h3pa/spack-src/fms2_io/netcdf_io.F90)
     406    NVFORTRAN-S-0155-Same name common blocks with different sizes in same file not supported  (/tmp/root/spack-stage/spack-stage-fms-2022.01-6rtwkcbcnzqpqfs2l7czw74eq66m
            h3pa/spack-src/fms2_io/netcdf_io.F90)
     407      0 inform,   0 warnings,   1 severes, 0 fatal for write_restart_bc
     408      0 inform,   0 warnings,   1 severes, 0 fatal for write_restart_bc
  >> 409    make[2]: *** [CMakeFiles/fms_r8_f.dir/build.make:598: CMakeFiles/fms_r8_f.dir/fms2_io/netcdf_io.F90.o] Error 2
     410    make[2]: *** Waiting for unfinished jobs....
  >> 411    make[2]: *** [CMakeFiles/fms_r4_f.dir/build.make:598: CMakeFiles/fms_r4_f.dir/fms2_io/netcdf_io.F90.o] Error 2
     412    make[2]: *** Waiting for unfinished jobs....
     413    make[2]: Leaving directory '/tmp/root/spack-stage/spack-stage-fms-2022.01-6rtwkcbcnzqpqfs2l7czw74eq66mh3pa/spack-build-6rtwkcb'
  >> 414    make[1]: *** [CMakeFiles/Makefile2:201: CMakeFiles/fms_r8_f.dir/all] Error 2
     415    make[1]: *** Waiting for unfinished jobs....
     416    make[2]: Leaving directory '/tmp/root/spack-stage/spack-stage-fms-2022.01-6rtwkcbcnzqpqfs2l7czw74eq66mh3pa/spack-build-6rtwkcb'
  >> 417    make[1]: *** [CMakeFiles/Makefile2:122: CMakeFiles/fms_r4_f.dir/all] Error 2
     418    make[1]: Leaving directory '/tmp/root/spack-stage/spack-stage-fms-2022.01-6rtwkcbcnzqpqfs2l7czw74eq66mh3pa/spack-build-6rtwkcb'
  >> 419    make: *** [Makefile:139: all] Error 2

See build log for details:
  /tmp/root/spack-stage/spack-stage-fms-2022.01-6rtwkcbcnzqpqfs2l7czw74eq66mh3pa/spack-build-out.txt

==> Installing fms-2022.03-yae7qtdfzsvll3y4ayrud33s6dlbgee2
==> fms exists in binary cache but with different hash
==> No binary for fms-2022.03-yae7qtdfzsvll3y4ayrud33s6dlbgee2 found: installing from source
==> Warning: download_tarball() was unable to download fms@2022.03%nvhpc@22.11+64bit~fpic+gfs_phys~ipo+openmp+quad_precision~yaml build_system=cmake build_type=RelWithDebInfo constants=GFDL arch=linux-ubuntu20.04-x86_64 ^autoconf@2.69%nvhpc@22.11 build_system=autotools patches=35c4492,7793209,a49dd5b arch=linux-ubuntu20.04-x86_64 ^automake@1.16.5%nvhpc@22.11 build_system=autotools arch=linux-ubuntu20.04-x86_64 ^berkeley-db@18.1.40%nvhpc@22.11+cxx~docs+stl build_system=autotools patches=26090f4,b231fcc arch=linux-ubuntu20.04-x86_64 ^bison@3.8.2%nvhpc@22.11 build_system=autotools arch=linux-ubuntu20.04-x86_64 ^bzip2@1.0.8%nvhpc@22.11~debug~pic+shared build_system=generic arch=linux-ubuntu20.04-x86_64 ^ca-certificates-mozilla@2022-10-11%nvhpc@22.11 build_system=generic arch=linux-ubuntu20.04-x86_64 ^cmake@3.25.1%gcc@11.1.0~doc+ncurses+ownlibs~qt build_system=generic build_type=Release arch=linux-ubuntu20.04-x86_64 ^diffutils@3.7%nvhpc@22.11 build_system=autotools patches=6e42dc2 arch=linux-ubuntu20.04-x86_64 ^gdbm@1.23%nvhpc@22.11 build_system=autotools arch=linux-ubuntu20.04-x86_64 ^gettext@0.21.1%nvhpc@22.11+bzip2+curses+git~libunistring+libxml2+tar+xz build_system=autotools patches=6e530da,fb27a3f arch=linux-ubuntu20.04-x86_64 ^hdf5@1.12.2%nvhpc@22.11~cxx~fortran+hl~ipo~java+mpi+shared~szip~threadsafe+tools api=default build_system=cmake build_type=RelWithDebInfo arch=linux-ubuntu20.04-x86_64 ^hwloc@2.8.0%nvhpc@22.11~cairo~cuda~gl~libudev+libxml2~netloc~nvml~oneapi-level-zero~opencl+pci~rocm build_system=autotools libs=shared,static arch=linux-ubuntu20.04-x86_64 ^krb5@1.20.1%nvhpc@22.11+shared build_system=autotools arch=linux-ubuntu20.04-x86_64 ^libedit@3.1-20210216%nvhpc@22.11 build_system=autotools arch=linux-ubuntu20.04-x86_64 ^libevent@2.1.12%nvhpc@22.11+openssl build_system=autotools arch=linux-ubuntu20.04-x86_64 ^libiconv@1.16%nvhpc@22.11 build_system=autotools libs=shared,static arch=linux-ubuntu20.04-x86_64 ^libpciaccess@0.16%nvhpc@22.11 build_system=autotools patches=6e08dc4 arch=linux-ubuntu20.04-x86_64 ^libsigsegv@2.13%nvhpc@22.11 build_system=autotools arch=linux-ubuntu20.04-x86_64 ^libtool@2.4.7%nvhpc@22.11 build_system=autotools arch=linux-ubuntu20.04-x86_64 ^libxcrypt@4.4.33%gcc@11.1.0~obsolete_api build_system=autotools arch=linux-ubuntu20.04-x86_64 ^libxml2@2.10.3%nvhpc@22.11~python build_system=autotools arch=linux-ubuntu20.04-x86_64 ^m4@1.4.19%nvhpc@22.11+sigsegv build_system=autotools patches=6985830,72bb1ad,9dc5fbd,bfdffa7 arch=linux-ubuntu20.04-x86_64 ^ncurses@6.3%nvhpc@22.11~symlinks+termlib abi=none build_system=autotools arch=linux-ubuntu20.04-x86_64 ^netcdf-c@4.9.0%nvhpc@22.11~dap~fsync~hdf4~jna+mpi+optimize~parallel-netcdf+pic+shared+zstd build_system=autotools arch=linux-ubuntu20.04-x86_64 ^netcdf-fortran@4.6.0%nvhpc@22.11~doc+pic+shared build_system=autotools arch=linux-ubuntu20.04-x86_64 ^numactl@2.0.14%nvhpc@22.11 build_system=autotools patches=4e1d78c,62fc8a8,ff37630 arch=linux-ubuntu20.04-x86_64 ^openmpi@4.1.4%nvhpc@22.11~atomics~cuda~cxx~cxx_exceptions~gpfs~internal-hwloc~java~legacylaunchers~lustre~memchecker+romio+rsh~singularity+static+vt+wrapper-rpath build_system=autotools fabrics=none schedulers=none arch=linux-ubuntu20.04-x86_64 ^openssh@9.1p1%nvhpc@22.11+gssapi build_system=autotools arch=linux-ubuntu20.04-x86_64 ^openssl@1.1.1s%nvhpc@22.11~docs~shared build_system=generic certs=mozilla arch=linux-ubuntu20.04-x86_64 ^perl@5.36.0%nvhpc@22.11+cpanm+shared+threads build_system=generic arch=linux-ubuntu20.04-x86_64 ^pigz@2.7%nvhpc@22.11 build_system=makefile arch=linux-ubuntu20.04-x86_64 ^pkgconf@1.8.0%nvhpc@22.11 build_system=autotools arch=linux-ubuntu20.04-x86_64 ^pmix@4.1.2%nvhpc@22.11~docs+pmi_backwards_compatibility~python~restful build_system=autotools arch=linux-ubuntu20.04-x86_64 ^readline@8.2%gcc@11.1.0 build_system=autotools patches=bbf97f1 arch=linux-ubuntu20.04-x86_64 ^tar@1.30%nvhpc@22.11 build_system=autotools patches=4e8cdf6 zip=pigz arch=linux-ubuntu20.04-x86_64 ^util-macros@1.19.3%nvhpc@22.11 build_system=autotools arch=linux-ubuntu20.04-x86_64 ^xz@5.2.7%gcc@11.1.0~pic build_system=autotools libs=shared,static arch=linux-ubuntu20.04-x86_64 ^zlib@1.2.13%nvhpc@22.11+optimize+pic+shared build_system=makefile arch=linux-ubuntu20.04-x86_64 ^zstd@1.5.2%nvhpc@22.11~programs build_system=makefile libs=shared,static arch=linux-ubuntu20.04-x86_64 from any configured mirrors
==> Using cached archive: /spack/var/spack/cache/_source-cache/archive/42/42d2ac53d3c889a8177a6d7a132583364c0f6e5d5cbde0d980443b6797ad4838.tar.gz
==> No patches needed for fms
==> fms: Executing phase: 'cmake'
==> fms: Executing phase: 'build'
==> Error: ProcessError: Command exited with status 2:
    'make' '-j32'

5 errors found in build log:
     429    /spack/opt/spack/__spack_path_placeholder__/__spack_path_placeholder__/__spack_path_placeholder__/__spack_path_placeholder__/__spack_path_placeholder__/__spack_path_
            placeholder__/__spack_path_placeholder__/__spack_path_placeholder__/__spack_path_placeholde/linux-ubuntu20.04-x86_64/gcc-11.1.0/cmake-3.25.1-vghw527fwqerrspvi7gahv4u
            k6kir3em/bin/cmake -E cmake_copy_f90_mod include_r8/fms_io_utils_mod.mod CMakeFiles/fms_r8_f.dir/fms_io_utils_mod.mod.stamp NVHPC
     430    /spack/opt/spack/__spack_path_placeholder__/__spack_path_placeholder__/__spack_path_placeholder__/__spack_path_placeholder__/__spack_path_placeholder__/__spack_path_
            placeholder__/__spack_path_placeholder__/__spack_path_placeholder__/__spack_path_placeholde/linux-ubuntu20.04-x86_64/gcc-11.1.0/cmake-3.25.1-vghw527fwqerrspvi7gahv4u
            k6kir3em/bin/cmake -E touch CMakeFiles/fms_r8_f.dir/fms2_io/fms_io_utils.F90.o.provides.build
     431    [ 46%] Building Fortran object CMakeFiles/fms_r8_f.dir/fms2_io/netcdf_io.F90.o
     432    /spack/opt/spack/__spack_path_placeholder__/__spack_path_placeholder__/__spack_path_placeholder__/__spack_path_placeholder__/__spack_path_placeholder__/__spack_path_
            placeholder__/__spack_path_placeholder__/__spack_path_placeholder__/__spack_path_placeholde/linux-ubuntu20.04-x86_64/nvhpc-22.11/openmpi-4.1.4-5f3qnq2ddkpqshlrz7johe
            qnizi5rjxt/bin/mpif90 -DENABLE_QUAD_PRECISION -DGFDL_CONSTANTS -DGFS_PHYS -DHAVE_GETTID -DINTERNAL_FILE_NML -Duse_libMPI -Duse_netCDF -I/tmp/root/spack-stage/spack-s
            tage-fms-2022.03-yae7qtdfzsvll3y4ayrud33s6dlbgee2/spack-src/include -I/tmp/root/spack-stage/spack-stage-fms-2022.03-yae7qtdfzsvll3y4ayrud33s6dlbgee2/spack-src/fms -I
            /tmp/root/spack-stage/spack-stage-fms-2022.03-yae7qtdfzsvll3y4ayrud33s6dlbgee2/spack-src/fms2_io/include -I/tmp/root/spack-stage/spack-stage-fms-2022.03-yae7qtdfzsvl
            l3y4ayrud33s6dlbgee2/spack-src/mpp/include -I/tmp/root/spack-stage/spack-stage-fms-2022.03-yae7qtdfzsvll3y4ayrud33s6dlbgee2/spack-src/constants4 -I/tmp/root/spack-st
            age/spack-stage-fms-2022.03-yae7qtdfzsvll3y4ayrud33s6dlbgee2/spack-src/constants -isystem /spack/opt/spack/__spack_path_placeholder__/__spack_path_placeholder__/__sp
            ack_path_placeholder__/__spack_path_placeholder__/__spack_path_placeholder__/__spack_path_placeholder__/__spack_path_placeholder__/__spack_path_placeholder__/__spack
            _path_placeholde/linux-ubuntu20.04-x86_64/nvhpc-22.11/netcdf-fortran-4.6.0-duutnxkxsodzkrhghhuy7ezyvzrnh244/include -O2 -gopt -module include_r8 -mp -c /tmp/root/spa
            ck-stage/spack-stage-fms-2022.03-yae7qtdfzsvll3y4ayrud33s6dlbgee2/spack-src/fms2_io/netcdf_io.F90 -o CMakeFiles/fms_r8_f.dir/fms2_io/netcdf_io.F90.o
     433    NVFORTRAN-S-0155-Same name common blocks with different sizes in same file not supported  (/tmp/root/spack-stage/spack-stage-fms-2022.03-yae7qtdfzsvll3y4ayrud33s6dlb
            gee2/spack-src/fms2_io/netcdf_io.F90)
     434      0 inform,   0 warnings,   1 severes, 0 fatal for write_restart_bc
  >> 435    make[2]: *** [CMakeFiles/fms_r4_f.dir/build.make:624: CMakeFiles/fms_r4_f.dir/fms2_io/netcdf_io.F90.o] Error 2
     436    make[2]: *** Waiting for unfinished jobs....
     437    NVFORTRAN-S-0155-Same name common blocks with different sizes in same file not supported  (/tmp/root/spack-stage/spack-stage-fms-2022.03-yae7qtdfzsvll3y4ayrud33s6dlb
            gee2/spack-src/fms2_io/netcdf_io.F90)
     438      0 inform,   0 warnings,   1 severes, 0 fatal for write_restart_bc
  >> 439    make[2]: *** [CMakeFiles/fms_r8_f.dir/build.make:624: CMakeFiles/fms_r8_f.dir/fms2_io/netcdf_io.F90.o] Error 2
     440    make[2]: *** Waiting for unfinished jobs....
     441    make[2]: Leaving directory '/tmp/root/spack-stage/spack-stage-fms-2022.03-yae7qtdfzsvll3y4ayrud33s6dlbgee2/spack-build-yae7qtd'
  >> 442    make[1]: *** [CMakeFiles/Makefile2:122: CMakeFiles/fms_r4_f.dir/all] Error 2
     443    make[1]: *** Waiting for unfinished jobs....
     444    make[2]: Leaving directory '/tmp/root/spack-stage/spack-stage-fms-2022.03-yae7qtdfzsvll3y4ayrud33s6dlbgee2/spack-build-yae7qtd'
  >> 445    make[1]: *** [CMakeFiles/Makefile2:201: CMakeFiles/fms_r8_f.dir/all] Error 2
     446    make[1]: Leaving directory '/tmp/root/spack-stage/spack-stage-fms-2022.03-yae7qtdfzsvll3y4ayrud33s6dlbgee2/spack-build-yae7qtd'
  >> 447    make: *** [Makefile:139: all] Error 2

See build log for details:
  /tmp/root/spack-stage/spack-stage-fms-2022.03-yae7qtdfzsvll3y4ayrud33s6dlbgee2/spack-build-out.txt

==> Installing fms-2022.04-ks4gltm42j5an72v6x3vott3w42wrqzk
==> fms exists in binary cache but with different hash
==> No binary for fms-2022.04-ks4gltm42j5an72v6x3vott3w42wrqzk found: installing from source
==> Warning: download_tarball() was unable to download fms@2022.04%nvhpc@22.11+64bit~fpic+gfs_phys~ipo+openmp+quad_precision~yaml build_system=cmake build_type=RelWithDebInfo constants=GFDL arch=linux-ubuntu20.04-x86_64 ^autoconf@2.69%nvhpc@22.11 build_system=autotools patches=35c4492,7793209,a49dd5b arch=linux-ubuntu20.04-x86_64 ^automake@1.16.5%nvhpc@22.11 build_system=autotools arch=linux-ubuntu20.04-x86_64 ^berkeley-db@18.1.40%nvhpc@22.11+cxx~docs+stl build_system=autotools patches=26090f4,b231fcc arch=linux-ubuntu20.04-x86_64 ^bison@3.8.2%nvhpc@22.11 build_system=autotools arch=linux-ubuntu20.04-x86_64 ^bzip2@1.0.8%nvhpc@22.11~debug~pic+shared build_system=generic arch=linux-ubuntu20.04-x86_64 ^ca-certificates-mozilla@2022-10-11%nvhpc@22.11 build_system=generic arch=linux-ubuntu20.04-x86_64 ^cmake@3.25.1%gcc@11.1.0~doc+ncurses+ownlibs~qt build_system=generic build_type=Release arch=linux-ubuntu20.04-x86_64 ^diffutils@3.7%nvhpc@22.11 build_system=autotools patches=6e42dc2 arch=linux-ubuntu20.04-x86_64 ^gdbm@1.23%nvhpc@22.11 build_system=autotools arch=linux-ubuntu20.04-x86_64 ^gettext@0.21.1%nvhpc@22.11+bzip2+curses+git~libunistring+libxml2+tar+xz build_system=autotools patches=6e530da,fb27a3f arch=linux-ubuntu20.04-x86_64 ^hdf5@1.12.2%nvhpc@22.11~cxx~fortran+hl~ipo~java+mpi+shared~szip~threadsafe+tools api=default build_system=cmake build_type=RelWithDebInfo arch=linux-ubuntu20.04-x86_64 ^hwloc@2.8.0%nvhpc@22.11~cairo~cuda~gl~libudev+libxml2~netloc~nvml~oneapi-level-zero~opencl+pci~rocm build_system=autotools libs=shared,static arch=linux-ubuntu20.04-x86_64 ^krb5@1.20.1%nvhpc@22.11+shared build_system=autotools arch=linux-ubuntu20.04-x86_64 ^libedit@3.1-20210216%nvhpc@22.11 build_system=autotools arch=linux-ubuntu20.04-x86_64 ^libevent@2.1.12%nvhpc@22.11+openssl build_system=autotools arch=linux-ubuntu20.04-x86_64 ^libiconv@1.16%nvhpc@22.11 build_system=autotools libs=shared,static arch=linux-ubuntu20.04-x86_64 ^libpciaccess@0.16%nvhpc@22.11 build_system=autotools patches=6e08dc4 arch=linux-ubuntu20.04-x86_64 ^libsigsegv@2.13%nvhpc@22.11 build_system=autotools arch=linux-ubuntu20.04-x86_64 ^libtool@2.4.7%nvhpc@22.11 build_system=autotools arch=linux-ubuntu20.04-x86_64 ^libxcrypt@4.4.33%gcc@11.1.0~obsolete_api build_system=autotools arch=linux-ubuntu20.04-x86_64 ^libxml2@2.10.3%nvhpc@22.11~python build_system=autotools arch=linux-ubuntu20.04-x86_64 ^m4@1.4.19%nvhpc@22.11+sigsegv build_system=autotools patches=6985830,72bb1ad,9dc5fbd,bfdffa7 arch=linux-ubuntu20.04-x86_64 ^ncurses@6.3%nvhpc@22.11~symlinks+termlib abi=none build_system=autotools arch=linux-ubuntu20.04-x86_64 ^netcdf-c@4.9.0%nvhpc@22.11~dap~fsync~hdf4~jna+mpi+optimize~parallel-netcdf+pic+shared+zstd build_system=autotools arch=linux-ubuntu20.04-x86_64 ^netcdf-fortran@4.6.0%nvhpc@22.11~doc+pic+shared build_system=autotools arch=linux-ubuntu20.04-x86_64 ^numactl@2.0.14%nvhpc@22.11 build_system=autotools patches=4e1d78c,62fc8a8,ff37630 arch=linux-ubuntu20.04-x86_64 ^openmpi@4.1.4%nvhpc@22.11~atomics~cuda~cxx~cxx_exceptions~gpfs~internal-hwloc~java~legacylaunchers~lustre~memchecker+romio+rsh~singularity+static+vt+wrapper-rpath build_system=autotools fabrics=none schedulers=none arch=linux-ubuntu20.04-x86_64 ^openssh@9.1p1%nvhpc@22.11+gssapi build_system=autotools arch=linux-ubuntu20.04-x86_64 ^openssl@1.1.1s%nvhpc@22.11~docs~shared build_system=generic certs=mozilla arch=linux-ubuntu20.04-x86_64 ^perl@5.36.0%nvhpc@22.11+cpanm+shared+threads build_system=generic arch=linux-ubuntu20.04-x86_64 ^pigz@2.7%nvhpc@22.11 build_system=makefile arch=linux-ubuntu20.04-x86_64 ^pkgconf@1.8.0%nvhpc@22.11 build_system=autotools arch=linux-ubuntu20.04-x86_64 ^pmix@4.1.2%nvhpc@22.11~docs+pmi_backwards_compatibility~python~restful build_system=autotools arch=linux-ubuntu20.04-x86_64 ^readline@8.2%gcc@11.1.0 build_system=autotools patches=bbf97f1 arch=linux-ubuntu20.04-x86_64 ^tar@1.30%nvhpc@22.11 build_system=autotools patches=4e8cdf6 zip=pigz arch=linux-ubuntu20.04-x86_64 ^util-macros@1.19.3%nvhpc@22.11 build_system=autotools arch=linux-ubuntu20.04-x86_64 ^xz@5.2.7%gcc@11.1.0~pic build_system=autotools libs=shared,static arch=linux-ubuntu20.04-x86_64 ^zlib@1.2.13%nvhpc@22.11+optimize+pic+shared build_system=makefile arch=linux-ubuntu20.04-x86_64 ^zstd@1.5.2%nvhpc@22.11~programs build_system=makefile libs=shared,static arch=linux-ubuntu20.04-x86_64 from any configured mirrors
==> Fetching https://mirror.spack.io/_source-cache/archive/f7/f741479128afc2b93ca8291a4c5bcdb024a8cbeda1a26bf77a236c0f629e1b03.tar.gz
==> No patches needed for fms
==> fms: Executing phase: 'cmake'
==> fms: Executing phase: 'build'
==> Error: ProcessError: Command exited with status 2:
    'make' '-j32'

5 errors found in build log:
     437    /spack/opt/spack/__spack_path_placeholder__/__spack_path_placeholder__/__spack_path_placeholder__/__spack_path_placeholder__/__spack_path_placeholder__/__spack_path_placeholder__/__sp
            ack_path_placeholder__/__spack_path_placeholder__/__spack_path_placeholde/linux-ubuntu20.04-x86_64/gcc-11.1.0/cmake-3.25.1-vghw527fwqerrspvi7gahv4uk6kir3em/bin/cmake -E cmake_copy_f90
            _mod include_r8/fms_io_utils_mod.mod CMakeFiles/fms_r8_f.dir/fms_io_utils_mod.mod.stamp NVHPC
     438    /spack/opt/spack/__spack_path_placeholder__/__spack_path_placeholder__/__spack_path_placeholder__/__spack_path_placeholder__/__spack_path_placeholder__/__spack_path_placeholder__/__sp
            ack_path_placeholder__/__spack_path_placeholder__/__spack_path_placeholde/linux-ubuntu20.04-x86_64/gcc-11.1.0/cmake-3.25.1-vghw527fwqerrspvi7gahv4uk6kir3em/bin/cmake -E touch CMakeFil
            es/fms_r8_f.dir/fms2_io/fms_io_utils.F90.o.provides.build
     439    [ 42%] Building Fortran object CMakeFiles/fms_r8_f.dir/fms2_io/netcdf_io.F90.o
     440    /spack/opt/spack/__spack_path_placeholder__/__spack_path_placeholder__/__spack_path_placeholder__/__spack_path_placeholder__/__spack_path_placeholder__/__spack_path_placeholder__/__sp
            ack_path_placeholder__/__spack_path_placeholder__/__spack_path_placeholde/linux-ubuntu20.04-x86_64/nvhpc-22.11/openmpi-4.1.4-5f3qnq2ddkpqshlrz7joheqnizi5rjxt/bin/mpif90 -DENABLE_QUAD_
            PRECISION -DGFDL_CONSTANTS -DGFS_PHYS -DHAVE_GETTID -DINTERNAL_FILE_NML -Duse_libMPI -Duse_netCDF -I/tmp/root/spack-stage/spack-stage-fms-2022.04-ks4gltm42j5an72v6x3vott3w42wrqzk/spac
            k-src/include -I/tmp/root/spack-stage/spack-stage-fms-2022.04-ks4gltm42j5an72v6x3vott3w42wrqzk/spack-src/fms -I/tmp/root/spack-stage/spack-stage-fms-2022.04-ks4gltm42j5an72v6x3vott3w4
            2wrqzk/spack-src/fms2_io/include -I/tmp/root/spack-stage/spack-stage-fms-2022.04-ks4gltm42j5an72v6x3vott3w42wrqzk/spack-src/mpp/include -I/tmp/root/spack-stage/spack-stage-fms-2022.04
            -ks4gltm42j5an72v6x3vott3w42wrqzk/spack-src/constants4 -I/tmp/root/spack-stage/spack-stage-fms-2022.04-ks4gltm42j5an72v6x3vott3w42wrqzk/spack-src/constants -isystem /spack/opt/spack/_
            _spack_path_placeholder__/__spack_path_placeholder__/__spack_path_placeholder__/__spack_path_placeholder__/__spack_path_placeholder__/__spack_path_placeholder__/__spack_path_placehold
            er__/__spack_path_placeholder__/__spack_path_placeholde/linux-ubuntu20.04-x86_64/nvhpc-22.11/netcdf-fortran-4.6.0-duutnxkxsodzkrhghhuy7ezyvzrnh244/include -O2 -gopt -module include_r8
             -mp -c /tmp/root/spack-stage/spack-stage-fms-2022.04-ks4gltm42j5an72v6x3vott3w42wrqzk/spack-src/fms2_io/netcdf_io.F90 -o CMakeFiles/fms_r8_f.dir/fms2_io/netcdf_io.F90.o
     441    NVFORTRAN-S-0155-Same name common blocks with different sizes in same file not supported  (/tmp/root/spack-stage/spack-stage-fms-2022.04-ks4gltm42j5an72v6x3vott3w42wrqzk/spack-src/fms
            2_io/netcdf_io.F90)
     442      0 inform,   0 warnings,   1 severes, 0 fatal for write_restart_bc
  >> 443    make[2]: *** [CMakeFiles/fms_r4_f.dir/build.make:637: CMakeFiles/fms_r4_f.dir/fms2_io/netcdf_io.F90.o] Error 2
     444    make[2]: *** Waiting for unfinished jobs....
     445    NVFORTRAN-S-0155-Same name common blocks with different sizes in same file not supported  (/tmp/root/spack-stage/spack-stage-fms-2022.04-ks4gltm42j5an72v6x3vott3w42wrqzk/spack-src/fms
            2_io/netcdf_io.F90)
     446      0 inform,   0 warnings,   1 severes, 0 fatal for write_restart_bc
  >> 447    make[2]: *** [CMakeFiles/fms_r8_f.dir/build.make:637: CMakeFiles/fms_r8_f.dir/fms2_io/netcdf_io.F90.o] Error 2
     448    make[2]: *** Waiting for unfinished jobs....
     449    make[2]: Leaving directory '/tmp/root/spack-stage/spack-stage-fms-2022.04-ks4gltm42j5an72v6x3vott3w42wrqzk/spack-build-ks4gltm'
  >> 450    make[1]: *** [CMakeFiles/Makefile2:122: CMakeFiles/fms_r4_f.dir/all] Error 2
     451    make[1]: *** Waiting for unfinished jobs....
     452    make[2]: Leaving directory '/tmp/root/spack-stage/spack-stage-fms-2022.04-ks4gltm42j5an72v6x3vott3w42wrqzk/spack-build-ks4gltm'
  >> 453    make[1]: *** [CMakeFiles/Makefile2:201: CMakeFiles/fms_r8_f.dir/all] Error 2
     454    make[1]: Leaving directory '/tmp/root/spack-stage/spack-stage-fms-2022.04-ks4gltm42j5an72v6x3vott3w42wrqzk/spack-build-ks4gltm'
  >> 455    make: *** [Makefile:139: all] Error 2

See build log for details:
  /tmp/root/spack-stage/spack-stage-fms-2022.04-ks4gltm42j5an72v6x3vott3w42wrqzk/spack-build-out.txt

==> Error: crtm-2.3.0-volvgvg2vnxgmwi3ggt6zi4536wz2p25: ProcessError: Command exited with status 2:
    'make' '-j32'
==> Error: gftl-shared-1.5.0-fdec3c4x7aomxkjltjspwbl5zbfo2kft: ProcessError: Command exited with status 1:
    '/spack/opt/spack/__spack_path_placeholder__/__spack_path_placeholder__/__spack_path_placeholder__/__spack_path_placeholder__/__spack_path_placeholder__/__spack_path_placeholder__/__spack_path_placeholder__/__spack_path_placeholder__/__spack_path_placeholde/linux-ubuntu20.04-x86_64/gcc-11.1.0/cmake-3.25.1-vghw527fwqerrspvi7gahv4uk6kir3em/bin/cmake' '-G' 'Unix Makefiles' '-DCMAKE_INSTALL_PREFIX:STRING=/spack/opt/spack/__spack_path_placeholder__/__spack_path_placeholder__/__spack_path_placeholder__/__spack_path_placeholder__/__spack_path_placeholder__/__spack_path_placeholder__/__spack_path_placeholder__/__spack_path_placeholder__/__spack_path_placeholde/linux-ubuntu20.04-x86_64/nvhpc-22.11/gftl-shared-1.5.0-fdec3c4x7aomxkjltjspwbl5zbfo2kft' '-DCMAKE_BUILD_TYPE:STRING=Release' '-DBUILD_TESTING:BOOL=OFF' '-DCMAKE_INTERPROCEDURAL_OPTIMIZATION:BOOL=OFF' '-DCMAKE_VERBOSE_MAKEFILE:BOOL=ON' '-DCMAKE_INSTALL_RPATH_USE_LINK_PATH:BOOL=ON' '-DCMAKE_INSTALL_RPATH:STRING=/spack/opt/spack/__spack_path_placeholder__/__spack_path_placeholder__/__spack_path_placeholder__/__spack_path_placeholder__/__spack_path_placeholder__/__spack_path_placeholder__/__spack_path_placeholder__/__spack_path_placeholder__/__spack_path_placeholde/linux-ubuntu20.04-x86_64/nvhpc-22.11/gftl-shared-1.5.0-fdec3c4x7aomxkjltjspwbl5zbfo2kft/lib;/spack/opt/spack/__spack_path_placeholder__/__spack_path_placeholder__/__spack_path_placeholder__/__spack_path_placeholder__/__spack_path_placeholder__/__spack_path_placeholder__/__spack_path_placeholder__/__spack_path_placeholder__/__spack_path_placeholde/linux-ubuntu20.04-x86_64/nvhpc-22.11/gftl-shared-1.5.0-fdec3c4x7aomxkjltjspwbl5zbfo2kft/lib64' '-DCMAKE_PREFIX_PATH:STRING=/spack/opt/spack/__spack_path_placeholder__/__spack_path_placeholder__/__spack_path_placeholder__/__spack_path_placeholder__/__spack_path_placeholder__/__spack_path_placeholder__/__spack_path_placeholder__/__spack_path_placeholder__/__spack_path_placeholde/linux-ubuntu20.04-x86_64/nvhpc-22.11/gftl-1.8.1-q4styoimuc2fab76uwjdtpfdr3f6klrl;/spack/opt/spack/__spack_path_placeholder__/__spack_path_placeholder__/__spack_path_placeholder__/__spack_path_placeholder__/__spack_path_placeholder__/__spack_path_placeholder__/__spack_path_placeholder__/__spack_path_placeholder__/__spack_path_placeholde/linux-ubuntu20.04-x86_64/nvhpc-22.11/m4-1.4.19-sylqsk2xbpkawpmwjqyqw7vi4mwhwd53;/spack/opt/spack/__spack_path_placeholder__/__spack_path_placeholder__/__spack_path_placeholder__/__spack_path_placeholder__/__spack_path_placeholder__/__spack_path_placeholder__/__spack_path_placeholder__/__spack_path_placeholder__/__spack_path_placeholde/linux-ubuntu20.04-x86_64/gcc-11.1.0/cmake-3.25.1-vghw527fwqerrspvi7gahv4uk6kir3em' '/tmp/root/spack-stage/spack-stage-gftl-shared-1.5.0-fdec3c4x7aomxkjltjspwbl5zbfo2kft/spack-src'
==> Error: py-numpy-1.22.3-26ll4lp7dy24ewvgk6y6sphqtpjsu3db: ProcessError: Command exited with status 1:
    '/spack/opt/spack/__spack_path_placeholder__/__spack_path_placeholder__/__spack_path_placeholder__/__spack_path_placeholder__/__spack_path_placeholder__/__spack_path_placeholder__/__spack_path_placeholder__/__spack_path_placeholder__/__spack_path_placeholde/linux-ubuntu20.04-x86_64/gcc-11.1.0/python-3.10.8-ngptfwb7kxxp6gdobz5rsw7dqywjxkv3/bin/python3.10' '-m' 'pip' '-vvv' '--no-input' '--no-cache-dir' '--disable-pip-version-check' 'install' '--no-deps' '--ignore-installed' '--no-build-isolation' '--no-warn-script-location' '--no-index' '--prefix=/spack/opt/spack/__spack_path_placeholder__/__spack_path_placeholder__/__spack_path_placeholder__/__spack_path_placeholder__/__spack_path_placeholder__/__spack_path_placeholder__/__spack_path_placeholder__/__spack_path_placeholder__/__spack_path_placeholde/linux-ubuntu20.04-x86_64/nvhpc-22.11/py-numpy-1.22.3-26ll4lp7dy24ewvgk6y6sphqtpjsu3db' '.'
==> Error: fms-2022.01-6rtwkcbcnzqpqfs2l7czw74eq66mh3pa: ProcessError: Command exited with status 2:
    'make' '-j32'
==> Error: fms-2022.03-yae7qtdfzsvll3y4ayrud33s6dlbgee2: ProcessError: Command exited with status 2:
    'make' '-j32'
==> Error: fms-2022.04-ks4gltm42j5an72v6x3vott3w42wrqzk: ProcessError: Command exited with status 2:
    'make' '-j32'
==> Error: crtm-2.3.0-volvgvg2vnxgmwi3ggt6zi4536wz2p25: Package was not installed
==> Error: ecflow-5.8.3-k3jx3zm3xgdwixrq5kixfkmuo4jdhls7: Package was not installed
==> Error: fms-2022.01-6rtwkcbcnzqpqfs2l7czw74eq66mh3pa: Package was not installed
==> Error: fms-2022.03-yae7qtdfzsvll3y4ayrud33s6dlbgee2: Package was not installed
==> Error: fms-2022.04-ks4gltm42j5an72v6x3vott3w42wrqzk: Package was not installed
==> Error: gftl-shared-1.5.0-fdec3c4x7aomxkjltjspwbl5zbfo2kft: Package was not installed
==> Error: py-numpy-1.22.3-26ll4lp7dy24ewvgk6y6sphqtpjsu3db: Package was not installed
==> Error: py-pandas-1.4.0-p3cjhsuualjv6gd5ajx2z3auwahkfyfa: Package was not installed
==> Error: py-scipy-1.8.0-durkjqadz7vckgs2x6bf2mhlwiapkmnt: Package was not installed
==> Error: py-shapely-1.8.0-ceqw4brgp4zqg5bvtw24igcjthsxuxaz: Package was not installed
==> Error: Installation request failed.  Refer to reported errors for failing package(s).
