==> Installing environment /noaa/gnu/failures
[+] /spack/opt/spack/[padded-to-128-chars]/linux-ubuntu20.04-x86_64/gcc-11.1.0/pkgconf-1.8.0-uorrjkfjncexfekwusnsnsskyyjsqlgv
[+] /spack/opt/spack/[padded-to-128-chars]/linux-ubuntu20.04-x86_64/gcc-11.1.0/ca-certificates-mozilla-2023-01-10-w233qs7ghoeos7yhwi2xwpwkykitbnx4
[+] /spack/opt/spack/[padded-to-128-chars]/linux-ubuntu20.04-x86_64/gcc-11.1.0/berkeley-db-18.1.40-alkzfee27s5hve5y7sl2jawaaukm5qsp
[+] /spack/opt/spack/[padded-to-128-chars]/linux-ubuntu20.04-x86_64/gcc-11.1.0/libiconv-1.17-5f66p4aoivmlxa7htmpsffk5ov62vgci
[+] /spack/opt/spack/[padded-to-128-chars]/linux-ubuntu20.04-x86_64/gcc-11.1.0/zlib-1.2.13-55gmmg73p52fryit7lxj4udit65twevr
[+] /spack/opt/spack/[padded-to-128-chars]/linux-ubuntu20.04-x86_64/gcc-11.1.0/findutils-4.9.0-bqre6so2iylzsu4nrs2pahoe6rkzxv4t
[+] /spack/opt/spack/[padded-to-128-chars]/linux-ubuntu20.04-x86_64/gcc-11.1.0/libsigsegv-2.13-lypoofrjyh6djicumh5qn7dqjvef4kci
[+] /spack/opt/spack/[padded-to-128-chars]/linux-ubuntu20.04-x86_64/gcc-11.1.0/util-macros-1.19.3-i5p6x5blaukjrwhr266a6pbe6jzqnjve
[+] /spack/opt/spack/[padded-to-128-chars]/linux-ubuntu20.04-x86_64/gcc-11.1.0/xz-5.2.7-g2fdtei2ij3bnv2nlg7n56dopn6ms4sf
[+] /spack/opt/spack/[padded-to-128-chars]/linux-ubuntu20.04-x86_64/gcc-11.1.0/libfabric-1.16.1-qppnie27xk5tihvcd7ziiuaat2tcnpzo
[+] /spack/opt/spack/[padded-to-128-chars]/linux-ubuntu20.04-x86_64/gcc-11.1.0/libmd-1.0.4-cb26zcikb7mguuhfja5djgrtdiesvchy
[+] /spack/opt/spack/[padded-to-128-chars]/linux-ubuntu20.04-x86_64/gcc-11.1.0/zstd-1.5.2-nwwllvpdtplmxku5bvacn5l4gph4qsqz
[+] /spack/opt/spack/[padded-to-128-chars]/linux-ubuntu20.04-x86_64/gcc-11.1.0/libffi-3.4.3-mgim53zjo6kcpeeh5hq5a426lt76bjvh
[+] /spack/opt/spack/[padded-to-128-chars]/linux-ubuntu20.04-x86_64/gcc-11.1.0/ncurses-6.4-uvosrztt2tlshkapywbsccn66auuaipb
[+] /spack/opt/spack/[padded-to-128-chars]/linux-ubuntu20.04-x86_64/gcc-11.1.0/util-linux-uuid-2.38.1-i5b6dq6ccs6jzuqzwdrziqwteufrszdl
[+] /spack/opt/spack/[padded-to-128-chars]/linux-ubuntu20.04-x86_64/gcc-11.1.0/diffutils-3.8-zbe45vuqzqxtbro5l7j6nywv5c7arcjs
[+] /spack/opt/spack/[padded-to-128-chars]/linux-ubuntu20.04-x86_64/gcc-11.1.0/pigz-2.7-6fhsko7f4twtmcioqks4ofebwnyzddbk
[+] /spack/opt/spack/[padded-to-128-chars]/linux-ubuntu20.04-x86_64/gcc-11.1.0/libxml2-2.10.3-z7ski47whfl2s5ga4zmenfhoviokd5dj
[+] /spack/opt/spack/[padded-to-128-chars]/linux-ubuntu20.04-x86_64/gcc-11.1.0/libbsd-0.11.7-bstssvldxmq5pnkvz7nj6gnpijfihtp7
[+] /spack/opt/spack/[padded-to-128-chars]/linux-ubuntu20.04-x86_64/gcc-11.1.0/readline-8.2-vxrl4pnvicrqydxbkvysgicbwuvrqgmm
[+] /spack/opt/spack/[padded-to-128-chars]/linux-ubuntu20.04-x86_64/gcc-11.1.0/m4-1.4.19-qdxsvxckoat4m5h7bfc54yasn7qsnhxn
[+] /spack/opt/spack/[padded-to-128-chars]/linux-ubuntu20.04-x86_64/gcc-11.1.0/bzip2-1.0.8-4w6pcqhchcnrp7h76jcwtiheqyyhfot5
[+] /spack/opt/spack/[padded-to-128-chars]/linux-ubuntu20.04-x86_64/gcc-11.1.0/expat-2.5.0-4qorfjgxxlantk3gzhjsvoy2dvlp6z6n
[+] /spack/opt/spack/[padded-to-128-chars]/linux-ubuntu20.04-x86_64/gcc-11.1.0/gdbm-1.23-qdviltn2g4wj3onrl7n2ihwm5cmrzjzr
[+] /spack/opt/spack/[padded-to-128-chars]/linux-ubuntu20.04-x86_64/gcc-11.1.0/sqlite-3.40.1-nuy4ohajngwkx44ajoevt5acfapnvlcc
[+] /spack/opt/spack/[padded-to-128-chars]/linux-ubuntu20.04-x86_64/gcc-11.1.0/libtool-2.4.7-bntep2vlzfagkkp4luwiby7dpbeit3pl
[+] /spack/opt/spack/[padded-to-128-chars]/linux-ubuntu20.04-x86_64/gcc-11.1.0/tar-1.34-n2vwyyhspnhr5ay5kdsxwahb2ztelpg2
[+] /spack/opt/spack/[padded-to-128-chars]/linux-ubuntu20.04-x86_64/gcc-11.1.0/perl-5.36.0-vjctwmddou4b6ouzovbr2mklje3ytfxo
[+] /spack/opt/spack/[padded-to-128-chars]/linux-ubuntu20.04-x86_64/gcc-11.1.0/libpciaccess-0.16-srwvvk5v3blmd2fqnqnkl25ifmpkxg7d
[+] /spack/opt/spack/[padded-to-128-chars]/linux-ubuntu20.04-x86_64/gcc-11.1.0/gettext-0.21.1-vyzlwpgkgqxmoxzzdjtt3phu3abnvc2f
[+] /spack/opt/spack/[padded-to-128-chars]/linux-ubuntu20.04-x86_64/gcc-11.1.0/openssl-1.1.1s-53uimxu3ll77rerktats2pgh6phn6idm
[+] /spack/opt/spack/[padded-to-128-chars]/linux-ubuntu20.04-x86_64/gcc-11.1.0/libxcrypt-4.4.33-jky7lissn5wfj4bfuqmydeavlxr6swbc
[+] /spack/opt/spack/[padded-to-128-chars]/linux-ubuntu20.04-x86_64/gcc-11.1.0/autoconf-2.69-rri3iyzl2zqrcheq7bdpzm4qsvfjqqdf
[+] /spack/opt/spack/[padded-to-128-chars]/linux-ubuntu20.04-x86_64/gcc-11.1.0/hwloc-2.9.0-5hzfle3tohziuhlpejup2bziox3acxt6
[+] /spack/opt/spack/[padded-to-128-chars]/linux-ubuntu20.04-x86_64/gcc-11.1.0/cmake-3.25.1-brghmpduaxi66x4y2eeuuq3l5jqppoxl
[+] /spack/opt/spack/[padded-to-128-chars]/linux-ubuntu20.04-x86_64/gcc-11.1.0/python-3.10.8-e7lub3tz5hno3dmm5b3iobp2toe63tza
[+] /spack/opt/spack/[padded-to-128-chars]/linux-ubuntu20.04-x86_64/gcc-11.1.0/automake-1.16.5-n7fisjnkpld3hkweajgn5523kljqevmq
==> Installing bufr-11.7.0-4hhopfbujhdfkbyu6sdkgaobwqnwfbdt
==> No binary for bufr-11.7.0-4hhopfbujhdfkbyu6sdkgaobwqnwfbdt found: installing from source
==> Fetching https://github.com/NOAA-EMC/NCEPLIBS-bufr/archive/refs/tags/bufr_v11.7.0.tar.gz
==> No patches needed for bufr
==> bufr: Executing phase: 'cmake'
==> bufr: Executing phase: 'build'
==> Error: ProcessError: Command exited with status 2:
    'make' '-j16'

6 errors found in build log:
     2750    make[2]: Entering directory '/tmp/root/spack-stage/spack-stage-bufr-11.7.0-4hhopfbujhdfkbyu6sdkgaobwqnwfbdt/spack-build-4hhopfb'
     2751    cd /tmp/root/spack-stage/spack-stage-bufr-11.7.0-4hhopfbujhdfkbyu6sdkgaobwqnwfbdt/spack-build-4hhopfb && /spack/opt/spack/__spack_path_placeholder__/__spack_path_placeholder__
             /__spack_path_placeholder__/__spack_path_placeholder__/__s/linux-ubuntu20.04-x86_64/gcc-11.1.0/cmake-3.25.1-brghmpduaxi66x4y2eeuuq3l5jqppoxl/bin/cmake -E cmake_depends "Unix M
             akefiles" /tmp/root/spack-stage/spack-stage-bufr-11.7.0-4hhopfbujhdfkbyu6sdkgaobwqnwfbdt/spack-src /tmp/root/spack-stage/spack-stage-bufr-11.7.0-4hhopfbujhdfkbyu6sdkgaobwqnwfb
             dt/spack-src/test /tmp/root/spack-stage/spack-stage-bufr-11.7.0-4hhopfbujhdfkbyu6sdkgaobwqnwfbdt/spack-build-4hhopfb /tmp/root/spack-stage/spack-stage-bufr-11.7.0-4hhopfbujhdf
             kbyu6sdkgaobwqnwfbdt/spack-build-4hhopfb/test /tmp/root/spack-stage/spack-stage-bufr-11.7.0-4hhopfbujhdfkbyu6sdkgaobwqnwfbdt/spack-build-4hhopfb/test/CMakeFiles/test_OUT_1_4.x
             .dir/DependInfo.cmake --color=
     2752    /tmp/root/spack-stage/spack-stage-bufr-11.7.0-4hhopfbujhdfkbyu6sdkgaobwqnwfbdt/spack-build-4hhopfb/utils/sinv.f90:49:11:
     2753    
     2754       49 |          "/spack/opt/spack/__spack_path_placeholder__/__spack_path_placeholder__/__spack_path_placeholder__/__spack_path_placehold' // &
     2755          |           1
  >> 2756    Error: Unterminated character constant beginning at (1)
     2757    /tmp/root/spack-stage/spack-stage-bufr-11.7.0-4hhopfbujhdfkbyu6sdkgaobwqnwfbdt/spack-build-4hhopfb/utils/sinv.f90:50:2:
     2758    
     2759       50 | 'er__/__s/linux-ubuntu20.04-x86_64/gcc-11.1.0/bufr-11.7.0-4hhopfbujhdfkbyu6sdkgaobwqnwfbdt/tables" &
     2760          |  1
  >> 2761    Error: Invalid character in name at (1)
     2762    /tmp/root/spack-stage/spack-stage-bufr-11.7.0-4hhopfbujhdfkbyu6sdkgaobwqnwfbdt/spack-build-4hhopfb/utils/sinv.f90:51:11:
     2763    
     2764       51 |          ,3,4)
     2765          |           1
  >> 2766    Error: Invalid character in name at (1)
     2767    make[2]: Leaving directory '/tmp/root/spack-stage/spack-stage-bufr-11.7.0-4hhopfbujhdfkbyu6sdkgaobwqnwfbdt/spack-build-4hhopfb'
     2768    make  -f test/CMakeFiles/test_OUT_1_4.x.dir/build.make test/CMakeFiles/test_OUT_1_4.x.dir/build
  >> 2769    make[2]: *** [utils/CMakeFiles/sinv.dir/build.make:78: utils/CMakeFiles/sinv.dir/sinv.f90.o] Error 1
     2770    make[2]: Leaving directory '/tmp/root/spack-stage/spack-stage-bufr-11.7.0-4hhopfbujhdfkbyu6sdkgaobwqnwfbdt/spack-build-4hhopfb'
  >> 2771    make[1]: *** [CMakeFiles/Makefile2:506: utils/CMakeFiles/sinv.dir/all] Error 2
     2772    make[1]: *** Waiting for unfinished jobs....
     2773    make[2]: Entering directory '/tmp/root/spack-stage/spack-stage-bufr-11.7.0-4hhopfbujhdfkbyu6sdkgaobwqnwfbdt/spack-build-4hhopfb'
     2774    [ 97%] Building Fortran object test/CMakeFiles/test_OUT_1_4.x.dir/test_OUT_1.f.o
     2775    cd /tmp/root/spack-stage/spack-stage-bufr-11.7.0-4hhopfbujhdfkbyu6sdkgaobwqnwfbdt/spack-build-4hhopfb/test && /spack/lib/spack/env/gcc/gfortran -DUNDERSCORE -I/tmp/root/spack-
             stage/spack-stage-bufr-11.7.0-4hhopfbujhdfkbyu6sdkgaobwqnwfbdt/spack-src/src -I/tmp/root/spack-stage/spack-stage-bufr-11.7.0-4hhopfbujhdfkbyu6sdkgaobwqnwfbdt/spack-build-4hhop
             fb/src/include/bufr_4 -g -fbacktrace -w -fallow-argument-mismatch -fallow-invalid-boz -O2 -g -DNDEBUG -fPIE -c /tmp/root/spack-stage/spack-stage-bufr-11.7.0-4hhopfbujhdfkbyu6s
             dkgaobwqnwfbdt/spack-src/test/test_OUT_1.f -o CMakeFiles/test_OUT_1_4.x.dir/test_OUT_1.f.o
     2776    [ 97%] Linking Fortran executable gettab
     2777    cd /tmp/root/spack-stage/spack-stage-bufr-11.7.0-4hhopfbujhdfkbyu6sdkgaobwqnwfbdt/spack-build-4hhopfb/utils && /spack/opt/spack/__spack_path_placeholder__/__spack_path_placeho
             lder__/__spack_path_placeholder__/__spack_path_placeholder__/__s/linux-ubuntu20.04-x86_64/gcc-11.1.0/cmake-3.25.1-brghmpduaxi66x4y2eeuuq3l5jqppoxl/bin/cmake -E cmake_link_scri
             pt CMakeFiles/gettab.dir/link.txt --verbose=1

     ...

     2848    [ 98%] Built target test_IN_7_4.x
     2849    make[2]: Leaving directory '/tmp/root/spack-stage/spack-stage-bufr-11.7.0-4hhopfbujhdfkbyu6sdkgaobwqnwfbdt/spack-build-4hhopfb'
     2850    make[2]: Leaving directory '/tmp/root/spack-stage/spack-stage-bufr-11.7.0-4hhopfbujhdfkbyu6sdkgaobwqnwfbdt/spack-build-4hhopfb'
     2851    [ 98%] Built target test_IN_3_4.x
     2852    [ 98%] Built target readbp
     2853    make[1]: Leaving directory '/tmp/root/spack-stage/spack-stage-bufr-11.7.0-4hhopfbujhdfkbyu6sdkgaobwqnwfbdt/spack-build-4hhopfb'
  >> 2854    make: *** [Makefile:149: all] Error 2

See build log for details:
  /tmp/root/spack-stage/spack-stage-bufr-11.7.0-4hhopfbujhdfkbyu6sdkgaobwqnwfbdt/spack-build-out.txt

==> Installing w3nco-2.4.1-4xyfbyvx5e2rqajc2jdkf623deljsx6h
==> No binary for w3nco-2.4.1-4xyfbyvx5e2rqajc2jdkf623deljsx6h found: installing from source
==> Fetching https://mirror.spack.io/_source-cache/archive/48/48b06e0ea21d3d0fd5d5c4e7eb50b081402567c1bff6c4abf4fd4f3669070139.tar.gz
==> No patches needed for w3nco
==> w3nco: Executing phase: 'cmake'
==> w3nco: Executing phase: 'build'
==> Error: ProcessError: Command exited with status 2:
    'make' '-j16'

5 errors found in build log:
     499    with preprocessed source if appropriate.
     500    Please include the complete backtrace with any bug report.
     501    See <file:///usr/share/doc/gcc-11/README.Bugs> for instructions.
     502    [ 58%] Building Fortran object src/CMakeFiles/w3nco_d_f.dir/w3fi01.f.o
     503    cd /tmp/root/spack-stage/spack-stage-w3nco-2.4.1-4xyfbyvx5e2rqajc2jdkf623deljsx6h/spack-build-4xyfbyv/src && /spack/lib/spack/env/gcc/gfortran -DLINUX  -ggdb -fno-range-check -
            fbacktrace -funroll-loops  -w -fallow-argument-mismatch -fallow-invalid-boz -O2 -g -DNDEBUG -Jinclude_d -fdefault-real-8 -c /tmp/root/spack-stage/spack-stage-w3nco-2.4.1-4xyfby
            vx5e2rqajc2jdkf623deljsx6h/spack-src/src/w3doxdat.f -o CMakeFiles/w3nco_d_f.dir/w3doxdat.f.o
     504    cd /tmp/root/spack-stage/spack-stage-w3nco-2.4.1-4xyfbyvx5e2rqajc2jdkf623deljsx6h/spack-build-4xyfbyv/src && /spack/lib/spack/env/gcc/gfortran -DLINUX  -ggdb -fno-range-check -
            fbacktrace -funroll-loops  -w -fallow-argument-mismatch -fallow-invalid-boz -O2 -g -DNDEBUG -Jinclude_d -fdefault-real-8 -c /tmp/root/spack-stage/spack-stage-w3nco-2.4.1-4xyfby
            vx5e2rqajc2jdkf623deljsx6h/spack-src/src/w3fi01.f -o CMakeFiles/w3nco_d_f.dir/w3fi01.f.o
  >> 505    make[2]: *** [src/CMakeFiles/w3nco_d_f.dir/build.make:793: src/CMakeFiles/w3nco_d_f.dir/w3ai00.f.o] Error 1
     506    make[2]: *** Waiting for unfinished jobs....
     507    during RTL pass: expand
     508    /tmp/root/spack-stage/spack-stage-w3nco-2.4.1-4xyfbyvx5e2rqajc2jdkf623deljsx6h/spack-src/src/w3ai00.f:168:72:
     509    
     510      168 |            N = MAX0(-127_8,MIN0(127_8,N))
     511          |                                                                        ^

     ...

     547    Please submit a full bug report,
     548    with preprocessed source if appropriate.
     549    Please include the complete backtrace with any bug report.
     550    See <file:///usr/share/doc/gcc-11/README.Bugs> for instructions.
     551    [ 59%] Building Fortran object src/CMakeFiles/w3nco_4_f.dir/w3fi01.f.o
     552    cd /tmp/root/spack-stage/spack-stage-w3nco-2.4.1-4xyfbyvx5e2rqajc2jdkf623deljsx6h/spack-build-4xyfbyv/src && /spack/lib/spack/env/gcc/gfortran -DLINUX  -ggdb -fno-range-check -
            fbacktrace -funroll-loops  -w -fallow-argument-mismatch -fallow-invalid-boz -O2 -g -DNDEBUG -Jinclude_4 -c /tmp/root/spack-stage/spack-stage-w3nco-2.4.1-4xyfbyvx5e2rqajc2jdkf62
            3deljsx6h/spack-src/src/w3fi01.f -o CMakeFiles/w3nco_4_f.dir/w3fi01.f.o
  >> 553    make[2]: *** [src/CMakeFiles/w3nco_4_f.dir/build.make:793: src/CMakeFiles/w3nco_4_f.dir/w3ai00.f.o] Error 1
     554    make[2]: *** Waiting for unfinished jobs....
     555    [ 60%] Building Fortran object src/CMakeFiles/w3nco_8_f.dir/sbytes.f.o
     556    [ 60%] Building Fortran object src/CMakeFiles/w3nco_8_f.dir/sbytesc.f.o
     557    cd /tmp/root/spack-stage/spack-stage-w3nco-2.4.1-4xyfbyvx5e2rqajc2jdkf623deljsx6h/spack-build-4xyfbyv/src && /spack/lib/spack/env/gcc/gfortran -DLINUX  -ggdb -fno-range-check -
            fbacktrace -funroll-loops  -w -fallow-argument-mismatch -fallow-invalid-boz -O2 -g -DNDEBUG -Jinclude_8 -fdefault-integer-8 -fdefault-real-8 -c /tmp/root/spack-stage/spack-stag
            e-w3nco-2.4.1-4xyfbyvx5e2rqajc2jdkf623deljsx6h/spack-src/src/sbytesc.f -o CMakeFiles/w3nco_8_f.dir/sbytesc.f.o
     558    cd /tmp/root/spack-stage/spack-stage-w3nco-2.4.1-4xyfbyvx5e2rqajc2jdkf623deljsx6h/spack-build-4xyfbyv/src && /spack/lib/spack/env/gcc/gfortran -DLINUX  -ggdb -fno-range-check -
            fbacktrace -funroll-loops  -w -fallow-argument-mismatch -fallow-invalid-boz -O2 -g -DNDEBUG -Jinclude_8 -fdefault-integer-8 -fdefault-real-8 -c /tmp/root/spack-stage/spack-stag
            e-w3nco-2.4.1-4xyfbyvx5e2rqajc2jdkf623deljsx6h/spack-src/src/sbytes.f -o CMakeFiles/w3nco_8_f.dir/sbytes.f.o
     559    [ 60%] Building Fortran object src/CMakeFiles/w3nco_8_f.dir/skgb.f.o

     ...

     664    cd /tmp/root/spack-stage/spack-stage-w3nco-2.4.1-4xyfbyvx5e2rqajc2jdkf623deljsx6h/spack-build-4xyfbyv/src && /spack/lib/spack/env/gcc/gfortran -DLINUX  -ggdb -fno-range-check -
            fbacktrace -funroll-loops  -w -fallow-argument-mismatch -fallow-invalid-boz -O2 -g -DNDEBUG -Jinclude_8 -fdefault-integer-8 -fdefault-real-8 -c /tmp/root/spack-stage/spack-stag
            e-w3nco-2.4.1-4xyfbyvx5e2rqajc2jdkf623deljsx6h/spack-src/src/w3ymdh4.f -o CMakeFiles/w3nco_8_f.dir/w3ymdh4.f.o
     665    [ 76%] Building Fortran object src/CMakeFiles/w3nco_8_f.dir/xmovex.f.o
     666    cd /tmp/root/spack-stage/spack-stage-w3nco-2.4.1-4xyfbyvx5e2rqajc2jdkf623deljsx6h/spack-build-4xyfbyv/src && /spack/lib/spack/env/gcc/gfortran -DLINUX  -ggdb -fno-range-check -
            fbacktrace -funroll-loops  -w -fallow-argument-mismatch -fallow-invalid-boz -O2 -g -DNDEBUG -Jinclude_8 -fdefault-integer-8 -fdefault-real-8 -c /tmp/root/spack-stage/spack-stag
            e-w3nco-2.4.1-4xyfbyvx5e2rqajc2jdkf623deljsx6h/spack-src/src/xmovex.f -o CMakeFiles/w3nco_8_f.dir/xmovex.f.o
     667    [ 76%] Building Fortran object src/CMakeFiles/w3nco_8_f.dir/xstore.f.o
     668    cd /tmp/root/spack-stage/spack-stage-w3nco-2.4.1-4xyfbyvx5e2rqajc2jdkf623deljsx6h/spack-build-4xyfbyv/src && /spack/lib/spack/env/gcc/gfortran -DLINUX  -ggdb -fno-range-check -
            fbacktrace -funroll-loops  -w -fallow-argument-mismatch -fallow-invalid-boz -O2 -g -DNDEBUG -Jinclude_8 -fdefault-integer-8 -fdefault-real-8 -c /tmp/root/spack-stage/spack-stag
            e-w3nco-2.4.1-4xyfbyvx5e2rqajc2jdkf623deljsx6h/spack-src/src/xstore.f -o CMakeFiles/w3nco_8_f.dir/xstore.f.o
     669    make[2]: Leaving directory '/tmp/root/spack-stage/spack-stage-w3nco-2.4.1-4xyfbyvx5e2rqajc2jdkf623deljsx6h/spack-build-4xyfbyv'
  >> 670    make[1]: *** [CMakeFiles/Makefile2:275: src/CMakeFiles/w3nco_d_f.dir/all] Error 2
     671    make[1]: *** Waiting for unfinished jobs....
     672    make[2]: Leaving directory '/tmp/root/spack-stage/spack-stage-w3nco-2.4.1-4xyfbyvx5e2rqajc2jdkf623deljsx6h/spack-build-4xyfbyv'
     673    [ 76%] Built target w3nco_8_f
     674    make[2]: Leaving directory '/tmp/root/spack-stage/spack-stage-w3nco-2.4.1-4xyfbyvx5e2rqajc2jdkf623deljsx6h/spack-build-4xyfbyv'
  >> 675    make[1]: *** [CMakeFiles/Makefile2:117: src/CMakeFiles/w3nco_4_f.dir/all] Error 2
     676    make[1]: Leaving directory '/tmp/root/spack-stage/spack-stage-w3nco-2.4.1-4xyfbyvx5e2rqajc2jdkf623deljsx6h/spack-build-4xyfbyv'
  >> 677    make: *** [Makefile:139: all] Error 2

See build log for details:
  /tmp/root/spack-stage/spack-stage-w3nco-2.4.1-4xyfbyvx5e2rqajc2jdkf623deljsx6h/spack-build-out.txt

[+] /spack/opt/spack/[padded-to-128-chars]/linux-ubuntu20.04-x86_64/gcc-11.1.0/yaksa-0.2-alwwxweq3ctmvncqimk2lx2wf7ixaya2
[+] /spack/opt/spack/[padded-to-128-chars]/linux-ubuntu20.04-x86_64/gcc-11.1.0/mpich-4.0.2-n4lv2u3w6bnuw6wo4p6hcrd7qowgkzrn
[+] /spack/opt/spack/[padded-to-128-chars]/linux-ubuntu20.04-x86_64/gcc-11.1.0/hdf5-1.12.2-mjjz3epfswwl6n5l6sfn74upam5wkag3
[+] /spack/opt/spack/[padded-to-128-chars]/linux-ubuntu20.04-x86_64/gcc-11.1.0/netcdf-c-4.9.0-e6kr2zucleidk3yvk6zcog3kapakjeh2
[+] /spack/opt/spack/[padded-to-128-chars]/linux-ubuntu20.04-x86_64/gcc-11.1.0/netcdf-fortran-4.6.0-ccquhndrlyu3a47icdxvqm6er73pvozk
==> Installing parallelio-2.5.4-e2glz3t6ytidfqlcfuid2rd7czntruxn
==> No binary for parallelio-2.5.4-e2glz3t6ytidfqlcfuid2rd7czntruxn found: installing from source
1 out of 2 hunks FAILED -- saving rejects to file CMakeLists.txt.rej
==> Fetching https://mirror.spack.io/_source-cache/archive/e5/e51dc71683da808a714deddc1a80c2650ce847110383e42f1710f3ba567e7a65.tar.gz
==> Moving resource stage
	source: /tmp/root/spack-stage/resource-genf90-e2glz3t6ytidfqlcfuid2rd7czntruxn/spack-src/
	destination: /tmp/root/spack-stage/spack-stage-parallelio-2.5.4-e2glz3t6ytidfqlcfuid2rd7czntruxn/spack-src/genf90
==> Applied patch /spack/var/spack/repos/builtin/packages/parallelio/remove_redefinition_of_mpi_offset.patch
==> Patch /spack/var/spack/repos/builtin/packages/parallelio/gfortran.patch failed.
==> Error: ProcessError: Command exited with status 1:
    '/usr/bin/patch' '-s' '-p' '1' '-i' '/spack/var/spack/repos/builtin/packages/parallelio/gfortran.patch' '-d' '.'
==> Installing fms-2019.01.03-g3xubts5fv3wj3aktwgaand5chfqaswj
==> No binary for fms-2019.01.03-g3xubts5fv3wj3aktwgaand5chfqaswj found: installing from source
==> Warning: There is no checksum on file to fetch fms@2019.01.03 safely.
==> Error: FetchError: Will not fetch fms@2019.01.03
    Add a checksum or use --no-checksum to skip this check.

/spack/lib/spack/spack/package_base.py:1417, in do_fetch:
       1414                if ignore_checksum:
       1415                    tty.debug("Fetching with no checksum. {0}".format(ck_msg))
       1416
  >>   1417            if not ignore_checksum:
       1418                raise FetchError(
       1419                    "Will not fetch %s" % self.spec.format("{name}{@version}"), ck_msg
       1420                )


==> Error: bufr-11.7.0-4hhopfbujhdfkbyu6sdkgaobwqnwfbdt: ProcessError: Command exited with status 2:
    'make' '-j16'
==> Error: w3nco-2.4.1-4xyfbyvx5e2rqajc2jdkf623deljsx6h: ProcessError: Command exited with status 2:
    'make' '-j16'
==> Error: parallelio-2.5.4-e2glz3t6ytidfqlcfuid2rd7czntruxn: ProcessError: Command exited with status 1:
    '/usr/bin/patch' '-s' '-p' '1' '-i' '/spack/var/spack/repos/builtin/packages/parallelio/gfortran.patch' '-d' '.'
==> Error: fms-2019.01.03-g3xubts5fv3wj3aktwgaand5chfqaswj: FetchError: Will not fetch fms@2019.01.03
    Add a checksum or use --no-checksum to skip this check.
==> Error: bufr-11.7.0-4hhopfbujhdfkbyu6sdkgaobwqnwfbdt: Package was not installed
==> Error: fms-2019.01.03-g3xubts5fv3wj3aktwgaand5chfqaswj: Package was not installed
==> Error: parallelio-2.5.4-e2glz3t6ytidfqlcfuid2rd7czntruxn: Package was not installed
==> Error: w3nco-2.4.1-4xyfbyvx5e2rqajc2jdkf623deljsx6h: Package was not installed
==> Error: Installation request failed.  Refer to reported errors for failing package(s).
